{"/home/runner/work/ACMer-Simulator/ACMer-Simulator/src/constants.js": {"path":"/home/runner/work/ACMer-Simulator/ACMer-Simulator/src/constants.js","statementMap":{"0":{"start":{"line":2,"column":27},"end":{"line":2,"column":30}},"1":{"start":{"line":3,"column":31},"end":{"line":3,"column":35}},"2":{"start":{"line":4,"column":23},"end":{"line":4,"column":24}},"3":{"start":{"line":5,"column":23},"end":{"line":5,"column":26}},"4":{"start":{"line":6,"column":27},"end":{"line":6,"column":30}},"5":{"start":{"line":7,"column":27},"end":{"line":7,"column":28}},"6":{"start":{"line":8,"column":25},"end":{"line":8,"column":27}},"7":{"start":{"line":9,"column":33},"end":{"line":9,"column":37}},"8":{"start":{"line":10,"column":42},"end":{"line":10,"column":45}},"9":{"start":{"line":11,"column":36},"end":{"line":11,"column":37}},"10":{"start":{"line":12,"column":36},"end":{"line":12,"column":43}},"11":{"start":{"line":13,"column":32},"end":{"line":13,"column":34}},"12":{"start":{"line":14,"column":35},"end":{"line":14,"column":36}},"13":{"start":{"line":15,"column":31},"end":{"line":15,"column":33}}},"fnMap":{},"branchMap":{},"s":{"0":5,"1":5,"2":5,"3":5,"4":5,"5":5,"6":5,"7":5,"8":5,"9":5,"10":5,"11":5,"12":5,"13":5},"f":{},"b":{},"meta":{"lastBranch":0,"lastFunction":0,"lastStatement":14,"seen":{"s:2:27:2:30":0,"s:3:31:3:35":1,"s:4:23:4:24":2,"s:5:23:5:26":3,"s:6:27:6:30":4,"s:7:27:7:28":5,"s:8:25:8:27":6,"s:9:33:9:37":7,"s:10:42:10:45":8,"s:11:36:11:37":9,"s:12:36:12:43":10,"s:13:32:13:34":11,"s:14:35:14:36":12,"s:15:31:15:33":13}}}
,"/home/runner/work/ACMer-Simulator/ACMer-Simulator/src/gameState.js": {"path":"/home/runner/work/ACMer-Simulator/ACMer-Simulator/src/gameState.js","statementMap":{"0":{"start":{"line":35,"column":38},"end":{"line":62,"column":2}},"1":{"start":{"line":35,"column":45},"end":{"line":62,"column":1}},"2":{"start":{"line":69,"column":36},"end":{"line":73,"column":1}},"3":{"start":{"line":70,"column":20},"end":{"line":70,"column":44}},"4":{"start":{"line":72,"column":2},"end":{"line":72,"column":null}}},"fnMap":{"0":{"name":"(anonymous_0)","decl":{"start":{"line":35,"column":38},"end":{"line":35,"column":39}},"loc":{"start":{"line":35,"column":45},"end":{"line":62,"column":1}},"line":35},"1":{"name":"(anonymous_1)","decl":{"start":{"line":69,"column":36},"end":{"line":69,"column":37}},"loc":{"start":{"line":69,"column":63},"end":{"line":73,"column":1}},"line":69}},"branchMap":{},"s":{"0":3,"1":48,"2":3,"3":0,"4":0},"f":{"0":48,"1":0},"b":{},"meta":{"lastBranch":0,"lastFunction":2,"lastStatement":5,"seen":{"s:35:38:62:2":0,"f:35:38:35:39":0,"s:35:45:62:1":1,"s:69:36:73:1":2,"f:69:36:69:37":1,"s:70:20:70:44":3,"s:72:2:72:Infinity":4}}}
,"/home/runner/work/ACMer-Simulator/ACMer-Simulator/src/utils.js": {"path":"/home/runner/work/ACMer-Simulator/ACMer-Simulator/src/utils.js","statementMap":{"0":{"start":{"line":10,"column":26},"end":{"line":10,"column":82}},"1":{"start":{"line":10,"column":47},"end":{"line":10,"column":82}},"2":{"start":{"line":17,"column":24},"end":{"line":17,"column":70}},"3":{"start":{"line":17,"column":35},"end":{"line":17,"column":70}},"4":{"start":{"line":23,"column":34},"end":{"line":23,"column":69}},"5":{"start":{"line":23,"column":40},"end":{"line":23,"column":69}},"6":{"start":{"line":29,"column":36},"end":{"line":42,"column":2}},"7":{"start":{"line":29,"column":43},"end":{"line":42,"column":1}},"8":{"start":{"line":50,"column":37},"end":{"line":58,"column":1}},"9":{"start":{"line":51,"column":2},"end":{"line":51,"column":null}},"10":{"start":{"line":51,"column":16},"end":{"line":51,"column":null}},"11":{"start":{"line":52,"column":18},"end":{"line":52,"column":42}},"12":{"start":{"line":53,"column":2},"end":{"line":56,"column":null}},"13":{"start":{"line":54,"column":4},"end":{"line":54,"column":null}},"14":{"start":{"line":54,"column":37},"end":{"line":54,"column":null}},"15":{"start":{"line":55,"column":4},"end":{"line":55,"column":null}},"16":{"start":{"line":57,"column":2},"end":{"line":57,"column":null}},"17":{"start":{"line":68,"column":29},"end":{"line":72,"column":1}},"18":{"start":{"line":69,"column":2},"end":{"line":69,"column":null}},"19":{"start":{"line":69,"column":36},"end":{"line":69,"column":null}},"20":{"start":{"line":70,"column":2},"end":{"line":70,"column":null}},"21":{"start":{"line":70,"column":41},"end":{"line":70,"column":null}},"22":{"start":{"line":71,"column":2},"end":{"line":71,"column":null}}},"fnMap":{"0":{"name":"(anonymous_0)","decl":{"start":{"line":10,"column":26},"end":{"line":10,"column":27}},"loc":{"start":{"line":10,"column":47},"end":{"line":10,"column":82}},"line":10},"1":{"name":"(anonymous_1)","decl":{"start":{"line":17,"column":24},"end":{"line":17,"column":25}},"loc":{"start":{"line":17,"column":35},"end":{"line":17,"column":70}},"line":17},"2":{"name":"(anonymous_2)","decl":{"start":{"line":23,"column":34},"end":{"line":23,"column":35}},"loc":{"start":{"line":23,"column":40},"end":{"line":23,"column":69}},"line":23},"3":{"name":"(anonymous_3)","decl":{"start":{"line":29,"column":36},"end":{"line":29,"column":37}},"loc":{"start":{"line":29,"column":43},"end":{"line":42,"column":1}},"line":29},"4":{"name":"(anonymous_4)","decl":{"start":{"line":50,"column":37},"end":{"line":50,"column":38}},"loc":{"start":{"line":50,"column":69},"end":{"line":58,"column":1}},"line":50},"5":{"name":"(anonymous_5)","decl":{"start":{"line":53,"column":34},"end":{"line":53,"column":35}},"loc":{"start":{"line":53,"column":53},"end":{"line":56,"column":3}},"line":53},"6":{"name":"(anonymous_6)","decl":{"start":{"line":68,"column":29},"end":{"line":68,"column":30}},"loc":{"start":{"line":68,"column":72},"end":{"line":72,"column":1}},"line":68}},"branchMap":{"0":{"loc":{"start":{"line":51,"column":2},"end":{"line":51,"column":null}},"type":"if","locations":[{"start":{"line":51,"column":2},"end":{"line":51,"column":null}},{"start":{},"end":{}}],"line":51},"1":{"loc":{"start":{"line":54,"column":4},"end":{"line":54,"column":null}},"type":"if","locations":[{"start":{"line":54,"column":4},"end":{"line":54,"column":null}},{"start":{},"end":{}}],"line":54},"2":{"loc":{"start":{"line":69,"column":2},"end":{"line":69,"column":null}},"type":"if","locations":[{"start":{"line":69,"column":2},"end":{"line":69,"column":null}},{"start":{},"end":{}}],"line":69},"3":{"loc":{"start":{"line":70,"column":2},"end":{"line":70,"column":null}},"type":"if","locations":[{"start":{"line":70,"column":2},"end":{"line":70,"column":null}},{"start":{},"end":{}}],"line":70}},"s":{"0":5,"1":1036,"2":5,"3":1022,"4":5,"5":318,"6":5,"7":53,"8":5,"9":26,"10":15,"11":11,"12":11,"13":11,"14":1,"15":10,"16":11,"17":5,"18":18,"19":3,"20":15,"21":15,"22":15},"f":{"0":1036,"1":1022,"2":318,"3":53,"4":26,"5":11,"6":18},"b":{"0":[15,11],"1":[1,10],"2":[3,15],"3":[0,15]},"meta":{"lastBranch":4,"lastFunction":7,"lastStatement":23,"seen":{"s:10:26:10:82":0,"f:10:26:10:27":0,"s:10:47:10:82":1,"s:17:24:17:70":2,"f:17:24:17:25":1,"s:17:35:17:70":3,"s:23:34:23:69":4,"f:23:34:23:35":2,"s:23:40:23:69":5,"s:29:36:42:2":6,"f:29:36:29:37":3,"s:29:43:42:1":7,"s:50:37:58:1":8,"f:50:37:50:38":4,"b:51:2:51:Infinity:undefined:undefined:undefined:undefined":0,"s:51:2:51:Infinity":9,"s:51:16:51:Infinity":10,"s:52:18:52:42":11,"s:53:2:56:Infinity":12,"f:53:34:53:35":5,"b:54:4:54:Infinity:undefined:undefined:undefined:undefined":1,"s:54:4:54:Infinity":13,"s:54:37:54:Infinity":14,"s:55:4:55:Infinity":15,"s:57:2:57:Infinity":16,"s:68:29:72:1":17,"f:68:29:68:30":6,"b:69:2:69:Infinity:undefined:undefined:undefined:undefined":2,"s:69:2:69:Infinity":18,"s:69:36:69:Infinity":19,"b:70:2:70:Infinity:undefined:undefined:undefined:undefined":3,"s:70:2:70:Infinity":20,"s:70:41:70:Infinity":21,"s:71:2:71:Infinity":22}}}
,"/home/runner/work/ACMer-Simulator/ACMer-Simulator/src/data/activities.js": {"path":"/home/runner/work/ACMer-Simulator/ACMer-Simulator/src/data/activities.js","statementMap":{"0":{"start":{"line":4,"column":30},"end":{"line":19,"column":1}},"1":{"start":{"line":21,"column":29},"end":{"line":21,"column":31}},"2":{"start":{"line":23,"column":29},"end":{"line":45,"column":1}},"3":{"start":{"line":24,"column":22},"end":{"line":24,"column":25}},"4":{"start":{"line":26,"column":24},"end":{"line":26,"column":72}},"5":{"start":{"line":27,"column":27},"end":{"line":27,"column":81}},"6":{"start":{"line":28,"column":23},"end":{"line":28,"column":69}},"7":{"start":{"line":29,"column":24},"end":{"line":29,"column":72}},"8":{"start":{"line":31,"column":22},"end":{"line":31,"column":66}},"9":{"start":{"line":32,"column":20},"end":{"line":32,"column":60}},"10":{"start":{"line":33,"column":23},"end":{"line":33,"column":69}},"11":{"start":{"line":34,"column":31},"end":{"line":34,"column":94}},"12":{"start":{"line":35,"column":24},"end":{"line":35,"column":72}},"13":{"start":{"line":36,"column":24},"end":{"line":36,"column":72}},"14":{"start":{"line":37,"column":24},"end":{"line":37,"column":72}},"15":{"start":{"line":38,"column":26},"end":{"line":38,"column":78}},"16":{"start":{"line":40,"column":4},"end":{"line":44,"column":null}},"17":{"start":{"line":47,"column":21},"end":{"line":52,"column":1}},"18":{"start":{"line":48,"column":24},"end":{"line":50,"column":111}},"19":{"start":{"line":51,"column":4},"end":{"line":51,"column":null}},"20":{"start":{"line":54,"column":26},"end":{"line":210,"column":1}},"21":{"start":{"line":61,"column":29},"end":{"line":61,"column":62}},"22":{"start":{"line":62,"column":34},"end":{"line":62,"column":116}},"23":{"start":{"line":63,"column":31},"end":{"line":67,"column":13}},"24":{"start":{"line":70,"column":31},"end":{"line":70,"column":44}},"25":{"start":{"line":73,"column":12},"end":{"line":85,"column":null}},"26":{"start":{"line":74,"column":39},"end":{"line":77,"column":17}},"27":{"start":{"line":78,"column":30},"end":{"line":78,"column":95}},"28":{"start":{"line":79,"column":16},"end":{"line":84,"column":null}},"29":{"start":{"line":88,"column":12},"end":{"line":109,"column":null}},"30":{"start":{"line":89,"column":29},"end":{"line":89,"column":30}},"31":{"start":{"line":90,"column":16},"end":{"line":94,"column":null}},"32":{"start":{"line":90,"column":29},"end":{"line":90,"column":30}},"33":{"start":{"line":91,"column":20},"end":{"line":93,"column":null}},"34":{"start":{"line":92,"column":24},"end":{"line":92,"column":null}},"35":{"start":{"line":96,"column":34},"end":{"line":96,"column":97}},"36":{"start":{"line":97,"column":38},"end":{"line":97,"column":61}},"37":{"start":{"line":98,"column":37},"end":{"line":98,"column":100}},"38":{"start":{"line":100,"column":16},"end":{"line":108,"column":null}},"39":{"start":{"line":112,"column":25},"end":{"line":112,"column":26}},"40":{"start":{"line":113,"column":35},"end":{"line":113,"column":37}},"41":{"start":{"line":114,"column":43},"end":{"line":114,"column":47}},"42":{"start":{"line":116,"column":12},"end":{"line":126,"column":null}},"43":{"start":{"line":116,"column":25},"end":{"line":116,"column":26}},"44":{"start":{"line":117,"column":16},"end":{"line":125,"column":null}},"45":{"start":{"line":118,"column":20},"end":{"line":118,"column":null}},"46":{"start":{"line":121,"column":20},"end":{"line":124,"column":null}},"47":{"start":{"line":122,"column":38},"end":{"line":122,"column":101}},"48":{"start":{"line":123,"column":24},"end":{"line":123,"column":null}},"49":{"start":{"line":129,"column":29},"end":{"line":129,"column":70}},"50":{"start":{"line":130,"column":12},"end":{"line":135,"column":null}},"51":{"start":{"line":131,"column":36},"end":{"line":133,"column":30}},"52":{"start":{"line":132,"column":44},"end":{"line":132,"column":74}},"53":{"start":{"line":134,"column":16},"end":{"line":134,"column":null}},"54":{"start":{"line":137,"column":12},"end":{"line":142,"column":null}},"55":{"start":{"line":151,"column":24},"end":{"line":155,"column":9}},"56":{"start":{"line":163,"column":24},"end":{"line":167,"column":9}},"57":{"start":{"line":175,"column":29},"end":{"line":181,"column":9}},"58":{"start":{"line":189,"column":24},"end":{"line":194,"column":9}},"59":{"start":{"line":202,"column":24},"end":{"line":207,"column":9}}},"fnMap":{"0":{"name":"(anonymous_0)","decl":{"start":{"line":23,"column":29},"end":{"line":23,"column":30}},"loc":{"start":{"line":23,"column":45},"end":{"line":45,"column":1}},"line":23},"1":{"name":"(anonymous_1)","decl":{"start":{"line":47,"column":21},"end":{"line":47,"column":22}},"loc":{"start":{"line":47,"column":37},"end":{"line":52,"column":1}},"line":47},"2":{"name":"(anonymous_2)","decl":{"start":{"line":60,"column":17},"end":{"line":60,"column":18}},"loc":{"start":{"line":60,"column":28},"end":{"line":143,"column":9}},"line":60},"3":{"name":"(anonymous_3)","decl":{"start":{"line":132,"column":25},"end":{"line":132,"column":26}},"loc":{"start":{"line":132,"column":44},"end":{"line":132,"column":74}},"line":132},"4":{"name":"(anonymous_4)","decl":{"start":{"line":151,"column":17},"end":{"line":151,"column":18}},"loc":{"start":{"line":151,"column":24},"end":{"line":155,"column":9}},"line":151},"5":{"name":"(anonymous_5)","decl":{"start":{"line":163,"column":17},"end":{"line":163,"column":18}},"loc":{"start":{"line":163,"column":24},"end":{"line":167,"column":9}},"line":163},"6":{"name":"(anonymous_6)","decl":{"start":{"line":175,"column":17},"end":{"line":175,"column":18}},"loc":{"start":{"line":175,"column":29},"end":{"line":181,"column":9}},"line":175},"7":{"name":"(anonymous_7)","decl":{"start":{"line":189,"column":17},"end":{"line":189,"column":18}},"loc":{"start":{"line":189,"column":24},"end":{"line":194,"column":9}},"line":189},"8":{"name":"(anonymous_8)","decl":{"start":{"line":202,"column":17},"end":{"line":202,"column":18}},"loc":{"start":{"line":202,"column":24},"end":{"line":207,"column":9}},"line":202}},"branchMap":{"0":{"loc":{"start":{"line":73,"column":12},"end":{"line":85,"column":null}},"type":"if","locations":[{"start":{"line":73,"column":12},"end":{"line":85,"column":null}},{"start":{},"end":{}}],"line":73},"1":{"loc":{"start":{"line":88,"column":12},"end":{"line":109,"column":null}},"type":"if","locations":[{"start":{"line":88,"column":12},"end":{"line":109,"column":null}},{"start":{},"end":{}}],"line":88},"2":{"loc":{"start":{"line":91,"column":20},"end":{"line":93,"column":null}},"type":"if","locations":[{"start":{"line":91,"column":20},"end":{"line":93,"column":null}},{"start":{},"end":{}}],"line":91},"3":{"loc":{"start":{"line":117,"column":16},"end":{"line":125,"column":null}},"type":"if","locations":[{"start":{"line":117,"column":16},"end":{"line":125,"column":null}},{"start":{},"end":{}}],"line":117},"4":{"loc":{"start":{"line":121,"column":20},"end":{"line":124,"column":null}},"type":"if","locations":[{"start":{"line":121,"column":20},"end":{"line":124,"column":null}},{"start":{},"end":{}}],"line":121},"5":{"loc":{"start":{"line":123,"column":49},"end":{"line":123,"column":75}},"type":"binary-expr","locations":[{"start":{"line":123,"column":49},"end":{"line":123,"column":70}},{"start":{"line":123,"column":74},"end":{"line":123,"column":75}}],"line":123},"6":{"loc":{"start":{"line":130,"column":12},"end":{"line":135,"column":null}},"type":"if","locations":[{"start":{"line":130,"column":12},"end":{"line":135,"column":null}},{"start":{},"end":{}}],"line":130}},"s":{"0":1,"1":1,"2":1,"3":0,"4":0,"5":0,"6":0,"7":0,"8":0,"9":0,"10":0,"11":0,"12":0,"13":0,"14":0,"15":0,"16":0,"17":1,"18":21,"19":21,"20":1,"21":3,"22":3,"23":3,"24":3,"25":3,"26":1,"27":1,"28":1,"29":2,"30":1,"31":1,"32":1,"33":10,"34":0,"35":1,"36":1,"37":1,"38":1,"39":1,"40":1,"41":1,"42":1,"43":1,"44":11,"45":0,"46":0,"47":0,"48":0,"49":1,"50":1,"51":0,"52":0,"53":0,"54":1,"55":1,"56":2,"57":2,"58":1,"59":1},"f":{"0":0,"1":21,"2":3,"3":0,"4":1,"5":2,"6":2,"7":1,"8":1},"b":{"0":[1,2],"1":[1,1],"2":[0,10],"3":[0,11],"4":[0,0],"5":[0,0],"6":[0,1]},"meta":{"lastBranch":7,"lastFunction":9,"lastStatement":60,"seen":{"s:4:30:19:1":0,"s:21:29:21:31":1,"s:23:29:45:1":2,"f:23:29:23:30":0,"s:24:22:24:25":3,"s:26:24:26:72":4,"s:27:27:27:81":5,"s:28:23:28:69":6,"s:29:24:29:72":7,"s:31:22:31:66":8,"s:32:20:32:60":9,"s:33:23:33:69":10,"s:34:31:34:94":11,"s:35:24:35:72":12,"s:36:24:36:72":13,"s:37:24:37:72":14,"s:38:26:38:78":15,"s:40:4:44:Infinity":16,"s:47:21:52:1":17,"f:47:21:47:22":1,"s:48:24:50:111":18,"s:51:4:51:Infinity":19,"s:54:26:210:1":20,"f:60:17:60:18":2,"s:61:29:61:62":21,"s:62:34:62:116":22,"s:63:31:67:13":23,"s:70:31:70:44":24,"b:73:12:85:Infinity:undefined:undefined:undefined:undefined":0,"s:73:12:85:Infinity":25,"s:74:39:77:17":26,"s:78:30:78:95":27,"s:79:16:84:Infinity":28,"b:88:12:109:Infinity:undefined:undefined:undefined:undefined":1,"s:88:12:109:Infinity":29,"s:89:29:89:30":30,"s:90:16:94:Infinity":31,"s:90:29:90:30":32,"b:91:20:93:Infinity:undefined:undefined:undefined:undefined":2,"s:91:20:93:Infinity":33,"s:92:24:92:Infinity":34,"s:96:34:96:97":35,"s:97:38:97:61":36,"s:98:37:98:100":37,"s:100:16:108:Infinity":38,"s:112:25:112:26":39,"s:113:35:113:37":40,"s:114:43:114:47":41,"s:116:12:126:Infinity":42,"s:116:25:116:26":43,"b:117:16:125:Infinity:undefined:undefined:undefined:undefined":3,"s:117:16:125:Infinity":44,"s:118:20:118:Infinity":45,"b:121:20:124:Infinity:undefined:undefined:undefined:undefined":4,"s:121:20:124:Infinity":46,"s:122:38:122:101":47,"s:123:24:123:Infinity":48,"b:123:49:123:70:123:74:123:75":5,"s:129:29:129:70":49,"b:130:12:135:Infinity:undefined:undefined:undefined:undefined":6,"s:130:12:135:Infinity":50,"s:131:36:133:30":51,"f:132:25:132:26":3,"s:132:44:132:74":52,"s:134:16:134:Infinity":53,"s:137:12:142:Infinity":54,"f:151:17:151:18":4,"s:151:24:155:9":55,"f:163:17:163:18":5,"s:163:24:167:9":56,"f:175:17:175:18":6,"s:175:29:181:9":57,"f:189:17:189:18":7,"s:189:24:194:9":58,"f:202:17:202:18":8,"s:202:24:207:9":59}}}
,"/home/runner/work/ACMer-Simulator/ACMer-Simulator/src/data/contests.js": {"path":"/home/runner/work/ACMer-Simulator/ACMer-Simulator/src/data/contests.js","statementMap":{"0":{"start":{"line":4,"column":19},"end":{"line":4,"column":71}},"1":{"start":{"line":4,"column":28},"end":{"line":4,"column":71}},"2":{"start":{"line":7,"column":20},"end":{"line":10,"column":1}},"3":{"start":{"line":13,"column":22},"end":{"line":18,"column":1}},"4":{"start":{"line":21,"column":27},"end":{"line":46,"column":1}},"5":{"start":{"line":22,"column":21},"end":{"line":22,"column":60}},"6":{"start":{"line":25,"column":17},"end":{"line":25,"column":19}},"7":{"start":{"line":26,"column":21},"end":{"line":26,"column":56}},"8":{"start":{"line":27,"column":28},"end":{"line":27,"column":85}},"9":{"start":{"line":27,"column":49},"end":{"line":27,"column":84}},"10":{"start":{"line":28,"column":4},"end":{"line":32,"column":null}},"11":{"start":{"line":29,"column":8},"end":{"line":29,"column":null}},"12":{"start":{"line":31,"column":8},"end":{"line":31,"column":null}},"13":{"start":{"line":33,"column":19},"end":{"line":33,"column":55}},"14":{"start":{"line":33,"column":33},"end":{"line":33,"column":54}},"15":{"start":{"line":36,"column":19},"end":{"line":36,"column":20}},"16":{"start":{"line":37,"column":4},"end":{"line":41,"column":null}},"17":{"start":{"line":38,"column":26},"end":{"line":38,"column":54}},"18":{"start":{"line":39,"column":23},"end":{"line":39,"column":55}},"19":{"start":{"line":40,"column":8},"end":{"line":40,"column":null}},"20":{"start":{"line":42,"column":21},"end":{"line":42,"column":60}},"21":{"start":{"line":43,"column":31},"end":{"line":43,"column":84}},"22":{"start":{"line":45,"column":4},"end":{"line":45,"column":null}},"23":{"start":{"line":51,"column":28},"end":{"line":121,"column":1}},"24":{"start":{"line":54,"column":21},"end":{"line":54,"column":49}},"25":{"start":{"line":56,"column":23},"end":{"line":56,"column":51}},"26":{"start":{"line":58,"column":27},"end":{"line":58,"column":59}},"27":{"start":{"line":59,"column":27},"end":{"line":59,"column":88}},"28":{"start":{"line":61,"column":22},"end":{"line":61,"column":72}},"29":{"start":{"line":65,"column":27},"end":{"line":65,"column":59}},"30":{"start":{"line":66,"column":20},"end":{"line":66,"column":46}},"31":{"start":{"line":69,"column":21},"end":{"line":69,"column":56}},"32":{"start":{"line":70,"column":21},"end":{"line":70,"column":22}},"33":{"start":{"line":71,"column":19},"end":{"line":71,"column":20}},"34":{"start":{"line":73,"column":4},"end":{"line":79,"column":null}},"35":{"start":{"line":74,"column":27},"end":{"line":74,"column":47}},"36":{"start":{"line":75,"column":23},"end":{"line":75,"column":49}},"37":{"start":{"line":76,"column":8},"end":{"line":76,"column":null}},"38":{"start":{"line":78,"column":8},"end":{"line":78,"column":null}},"39":{"start":{"line":81,"column":23},"end":{"line":81,"column":65}},"40":{"start":{"line":83,"column":23},"end":{"line":83,"column":39}},"41":{"start":{"line":86,"column":29},"end":{"line":86,"column":81}},"42":{"start":{"line":90,"column":21},"end":{"line":90,"column":25}},"43":{"start":{"line":91,"column":24},"end":{"line":91,"column":87}},"44":{"start":{"line":94,"column":22},"end":{"line":94,"column":65}},"45":{"start":{"line":95,"column":26},"end":{"line":95,"column":49}},"46":{"start":{"line":96,"column":26},"end":{"line":96,"column":60}},"47":{"start":{"line":99,"column":18},"end":{"line":99,"column":22}},"48":{"start":{"line":100,"column":4},"end":{"line":114,"column":null}},"49":{"start":{"line":101,"column":28},"end":{"line":101,"column":53}},"50":{"start":{"line":102,"column":25},"end":{"line":102,"column":109}},"51":{"start":{"line":102,"column":73},"end":{"line":102,"column":108}},"52":{"start":{"line":105,"column":40},"end":{"line":105,"column":72}},"53":{"start":{"line":106,"column":29},"end":{"line":106,"column":64}},"54":{"start":{"line":107,"column":8},"end":{"line":113,"column":null}},"55":{"start":{"line":108,"column":34},"end":{"line":108,"column":100}},"56":{"start":{"line":108,"column":55},"end":{"line":108,"column":99}},"57":{"start":{"line":109,"column":12},"end":{"line":112,"column":null}},"58":{"start":{"line":110,"column":31},"end":{"line":110,"column":129}},"59":{"start":{"line":111,"column":16},"end":{"line":111,"column":null}},"60":{"start":{"line":116,"column":4},"end":{"line":120,"column":null}},"61":{"start":{"line":124,"column":27},"end":{"line":145,"column":1}},"62":{"start":{"line":125,"column":21},"end":{"line":125,"column":49}},"63":{"start":{"line":126,"column":23},"end":{"line":126,"column":51}},"64":{"start":{"line":127,"column":24},"end":{"line":127,"column":53}},"65":{"start":{"line":128,"column":27},"end":{"line":128,"column":81}},"66":{"start":{"line":129,"column":21},"end":{"line":129,"column":71}},"67":{"start":{"line":131,"column":17},"end":{"line":131,"column":22}},"68":{"start":{"line":132,"column":4},"end":{"line":138,"column":null}},"69":{"start":{"line":134,"column":26},"end":{"line":134,"column":66}},"70":{"start":{"line":135,"column":8},"end":{"line":137,"column":null}},"71":{"start":{"line":136,"column":12},"end":{"line":136,"column":null}},"72":{"start":{"line":140,"column":4},"end":{"line":144,"column":null}},"73":{"start":{"line":149,"column":28},"end":{"line":171,"column":1}},"74":{"start":{"line":150,"column":21},"end":{"line":150,"column":43}},"75":{"start":{"line":151,"column":23},"end":{"line":151,"column":51}},"76":{"start":{"line":152,"column":27},"end":{"line":152,"column":64}},"77":{"start":{"line":153,"column":22},"end":{"line":153,"column":72}},"78":{"start":{"line":155,"column":19},"end":{"line":155,"column":24}},"79":{"start":{"line":156,"column":24},"end":{"line":156,"column":25}},"80":{"start":{"line":158,"column":4},"end":{"line":163,"column":null}},"81":{"start":{"line":159,"column":8},"end":{"line":159,"column":null}},"82":{"start":{"line":160,"column":11},"end":{"line":163,"column":null}},"83":{"start":{"line":161,"column":32},"end":{"line":161,"column":49}},"84":{"start":{"line":162,"column":8},"end":{"line":162,"column":null}},"85":{"start":{"line":165,"column":4},"end":{"line":170,"column":null}},"86":{"start":{"line":174,"column":24},"end":{"line":223,"column":1}},"87":{"start":{"line":178,"column":28},"end":{"line":178,"column":69}},"88":{"start":{"line":179,"column":23},"end":{"line":179,"column":53}},"89":{"start":{"line":181,"column":21},"end":{"line":181,"column":23}},"90":{"start":{"line":184,"column":4},"end":{"line":184,"column":null}},"91":{"start":{"line":185,"column":4},"end":{"line":185,"column":null}},"92":{"start":{"line":188,"column":4},"end":{"line":197,"column":null}},"93":{"start":{"line":189,"column":30},"end":{"line":189,"column":85}},"94":{"start":{"line":189,"column":66},"end":{"line":189,"column":83}},"95":{"start":{"line":190,"column":27},"end":{"line":190,"column":66}},"96":{"start":{"line":191,"column":8},"end":{"line":196,"column":null}},"97":{"start":{"line":191,"column":21},"end":{"line":191,"column":22}},"98":{"start":{"line":192,"column":12},"end":{"line":192,"column":null}},"99":{"start":{"line":192,"column":44},"end":{"line":192,"column":null}},"100":{"start":{"line":193,"column":24},"end":{"line":193,"column":72}},"101":{"start":{"line":194,"column":26},"end":{"line":194,"column":57}},"102":{"start":{"line":195,"column":12},"end":{"line":195,"column":null}},"103":{"start":{"line":200,"column":27},"end":{"line":200,"column":72}},"104":{"start":{"line":201,"column":30},"end":{"line":201,"column":58}},"105":{"start":{"line":202,"column":4},"end":{"line":207,"column":null}},"106":{"start":{"line":202,"column":17},"end":{"line":202,"column":18}},"107":{"start":{"line":203,"column":8},"end":{"line":203,"column":null}},"108":{"start":{"line":203,"column":44},"end":{"line":203,"column":null}},"109":{"start":{"line":204,"column":20},"end":{"line":204,"column":72}},"110":{"start":{"line":205,"column":22},"end":{"line":205,"column":57}},"111":{"start":{"line":206,"column":8},"end":{"line":206,"column":null}},"112":{"start":{"line":209,"column":4},"end":{"line":222,"column":null}},"113":{"start":{"line":225,"column":36},"end":{"line":286,"column":1}},"114":{"start":{"line":232,"column":4},"end":{"line":234,"column":null}},"115":{"start":{"line":233,"column":8},"end":{"line":233,"column":null}},"116":{"start":{"line":236,"column":28},"end":{"line":236,"column":50}},"117":{"start":{"line":240,"column":4},"end":{"line":245,"column":null}},"118":{"start":{"line":241,"column":27},"end":{"line":241,"column":46}},"119":{"start":{"line":242,"column":8},"end":{"line":242,"column":null}},"120":{"start":{"line":244,"column":8},"end":{"line":244,"column":null}},"121":{"start":{"line":249,"column":4},"end":{"line":257,"column":null}},"122":{"start":{"line":250,"column":8},"end":{"line":250,"column":null}},"123":{"start":{"line":253,"column":8},"end":{"line":253,"column":null}},"124":{"start":{"line":254,"column":8},"end":{"line":256,"column":null}},"125":{"start":{"line":254,"column":21},"end":{"line":254,"column":22}},"126":{"start":{"line":255,"column":12},"end":{"line":255,"column":null}},"127":{"start":{"line":260,"column":21},"end":{"line":267,"column":6}},"128":{"start":{"line":261,"column":24},"end":{"line":261,"column":45}},"129":{"start":{"line":262,"column":8},"end":{"line":266,"column":null}},"130":{"start":{"line":270,"column":29},"end":{"line":273,"column":7}},"131":{"start":{"line":270,"column":54},"end":{"line":270,"column":73}},"132":{"start":{"line":270,"column":92},"end":{"line":273,"column":5}},"133":{"start":{"line":275,"column":4},"end":{"line":285,"column":null}},"134":{"start":{"line":288,"column":31},"end":{"line":326,"column":1}},"135":{"start":{"line":289,"column":21},"end":{"line":289,"column":56}},"136":{"start":{"line":290,"column":25},"end":{"line":290,"column":51}},"137":{"start":{"line":291,"column":19},"end":{"line":291,"column":20}},"138":{"start":{"line":292,"column":18},"end":{"line":292,"column":22}},"139":{"start":{"line":294,"column":4},"end":{"line":302,"column":null}},"140":{"start":{"line":295,"column":26},"end":{"line":295,"column":54}},"141":{"start":{"line":296,"column":23},"end":{"line":296,"column":55}},"142":{"start":{"line":297,"column":22},"end":{"line":297,"column":40}},"143":{"start":{"line":298,"column":8},"end":{"line":298,"column":null}},"144":{"start":{"line":299,"column":8},"end":{"line":301,"column":null}},"145":{"start":{"line":300,"column":12},"end":{"line":300,"column":null}},"146":{"start":{"line":304,"column":21},"end":{"line":304,"column":60}},"147":{"start":{"line":306,"column":33},"end":{"line":306,"column":54}},"148":{"start":{"line":308,"column":33},"end":{"line":308,"column":53}},"149":{"start":{"line":310,"column":23},"end":{"line":310,"column":72}},"150":{"start":{"line":312,"column":26},"end":{"line":312,"column":141}},"151":{"start":{"line":313,"column":20},"end":{"line":313,"column":38}},"152":{"start":{"line":316,"column":21},"end":{"line":316,"column":48}},"153":{"start":{"line":317,"column":27},"end":{"line":317,"column":62}},"154":{"start":{"line":318,"column":21},"end":{"line":318,"column":72}},"155":{"start":{"line":320,"column":4},"end":{"line":325,"column":null}},"156":{"start":{"line":328,"column":39},"end":{"line":403,"column":1}},"157":{"start":{"line":329,"column":18},"end":{"line":329,"column":41}},"158":{"start":{"line":330,"column":19},"end":{"line":330,"column":79}},"159":{"start":{"line":330,"column":50},"end":{"line":330,"column":71}},"160":{"start":{"line":331,"column":21},"end":{"line":331,"column":44}},"161":{"start":{"line":332,"column":21},"end":{"line":332,"column":73}},"162":{"start":{"line":335,"column":14},"end":{"line":335,"column":19}},"163":{"start":{"line":336,"column":14},"end":{"line":336,"column":20}},"164":{"start":{"line":337,"column":14},"end":{"line":337,"column":22}},"165":{"start":{"line":340,"column":15},"end":{"line":340,"column":65}},"166":{"start":{"line":341,"column":14},"end":{"line":341,"column":44}},"167":{"start":{"line":342,"column":17},"end":{"line":342,"column":36}},"168":{"start":{"line":343,"column":17},"end":{"line":343,"column":36}},"169":{"start":{"line":344,"column":14},"end":{"line":344,"column":17}},"170":{"start":{"line":345,"column":20},"end":{"line":345,"column":49}},"171":{"start":{"line":345,"column":27},"end":{"line":345,"column":49}},"172":{"start":{"line":346,"column":26},"end":{"line":346,"column":84}},"173":{"start":{"line":347,"column":27},"end":{"line":347,"column":56}},"174":{"start":{"line":350,"column":16},"end":{"line":350,"column":37}},"175":{"start":{"line":351,"column":23},"end":{"line":351,"column":87}},"176":{"start":{"line":352,"column":23},"end":{"line":352,"column":74}},"177":{"start":{"line":353,"column":18},"end":{"line":353,"column":78}},"178":{"start":{"line":353,"column":25},"end":{"line":353,"column":78}},"179":{"start":{"line":354,"column":28},"end":{"line":354,"column":56}},"180":{"start":{"line":356,"column":4},"end":{"line":356,"column":null}},"181":{"start":{"line":357,"column":16},"end":{"line":357,"column":49}},"182":{"start":{"line":358,"column":24},"end":{"line":358,"column":92}},"183":{"start":{"line":359,"column":22},"end":{"line":359,"column":51}},"184":{"start":{"line":360,"column":22},"end":{"line":360,"column":149}},"185":{"start":{"line":362,"column":22},"end":{"line":362,"column":43}},"186":{"start":{"line":364,"column":4},"end":{"line":364,"column":null}},"187":{"start":{"line":365,"column":4},"end":{"line":368,"column":null}},"188":{"start":{"line":366,"column":8},"end":{"line":366,"column":null}},"189":{"start":{"line":367,"column":8},"end":{"line":367,"column":null}},"190":{"start":{"line":370,"column":21},"end":{"line":370,"column":53}},"191":{"start":{"line":371,"column":23},"end":{"line":371,"column":29}},"192":{"start":{"line":374,"column":26},"end":{"line":374,"column":28}},"193":{"start":{"line":375,"column":4},"end":{"line":379,"column":null}},"194":{"start":{"line":376,"column":8},"end":{"line":378,"column":null}},"195":{"start":{"line":377,"column":12},"end":{"line":377,"column":null}},"196":{"start":{"line":380,"column":19},"end":{"line":380,"column":23}},"197":{"start":{"line":381,"column":23},"end":{"line":381,"column":25}},"198":{"start":{"line":382,"column":4},"end":{"line":387,"column":null}},"199":{"start":{"line":383,"column":8},"end":{"line":386,"column":null}},"200":{"start":{"line":384,"column":12},"end":{"line":384,"column":null}},"201":{"start":{"line":385,"column":12},"end":{"line":385,"column":null}},"202":{"start":{"line":389,"column":4},"end":{"line":402,"column":null}}},"fnMap":{"0":{"name":"(anonymous_0)","decl":{"start":{"line":4,"column":19},"end":{"line":4,"column":20}},"loc":{"start":{"line":4,"column":28},"end":{"line":4,"column":71}},"line":4},"1":{"name":"(anonymous_1)","decl":{"start":{"line":21,"column":27},"end":{"line":21,"column":28}},"loc":{"start":{"line":21,"column":52},"end":{"line":46,"column":1}},"line":21},"2":{"name":"(anonymous_2)","decl":{"start":{"line":27,"column":44},"end":{"line":27,"column":45}},"loc":{"start":{"line":27,"column":49},"end":{"line":27,"column":84}},"line":27},"3":{"name":"(anonymous_3)","decl":{"start":{"line":33,"column":28},"end":{"line":33,"column":29}},"loc":{"start":{"line":33,"column":33},"end":{"line":33,"column":54}},"line":33},"4":{"name":"(anonymous_4)","decl":{"start":{"line":37,"column":21},"end":{"line":37,"column":24}},"loc":{"start":{"line":37,"column":28},"end":{"line":41,"column":5}},"line":37},"5":{"name":"(anonymous_5)","decl":{"start":{"line":51,"column":28},"end":{"line":51,"column":29}},"loc":{"start":{"line":51,"column":58},"end":{"line":121,"column":1}},"line":51},"6":{"name":"(anonymous_6)","decl":{"start":{"line":73,"column":21},"end":{"line":73,"column":24}},"loc":{"start":{"line":73,"column":28},"end":{"line":79,"column":5}},"line":73},"7":{"name":"(anonymous_7)","decl":{"start":{"line":102,"column":68},"end":{"line":102,"column":69}},"loc":{"start":{"line":102,"column":73},"end":{"line":102,"column":108}},"line":102},"8":{"name":"(anonymous_8)","decl":{"start":{"line":108,"column":50},"end":{"line":108,"column":51}},"loc":{"start":{"line":108,"column":55},"end":{"line":108,"column":99}},"line":108},"9":{"name":"(anonymous_9)","decl":{"start":{"line":124,"column":27},"end":{"line":124,"column":28}},"loc":{"start":{"line":124,"column":57},"end":{"line":145,"column":1}},"line":124},"10":{"name":"(anonymous_10)","decl":{"start":{"line":149,"column":28},"end":{"line":149,"column":29}},"loc":{"start":{"line":149,"column":58},"end":{"line":171,"column":1}},"line":149},"11":{"name":"(anonymous_11)","decl":{"start":{"line":174,"column":24},"end":{"line":174,"column":25}},"loc":{"start":{"line":174,"column":40},"end":{"line":223,"column":1}},"line":174},"12":{"name":"(anonymous_12)","decl":{"start":{"line":189,"column":61},"end":{"line":189,"column":62}},"loc":{"start":{"line":189,"column":66},"end":{"line":189,"column":83}},"line":189},"13":{"name":"(anonymous_13)","decl":{"start":{"line":225,"column":36},"end":{"line":225,"column":37}},"loc":{"start":{"line":225,"column":48},"end":{"line":286,"column":1}},"line":225},"14":{"name":"(anonymous_14)","decl":{"start":{"line":260,"column":61},"end":{"line":260,"column":62}},"loc":{"start":{"line":260,"column":76},"end":{"line":267,"column":5}},"line":260},"15":{"name":"(anonymous_15)","decl":{"start":{"line":270,"column":48},"end":{"line":270,"column":49}},"loc":{"start":{"line":270,"column":54},"end":{"line":270,"column":73}},"line":270},"16":{"name":"(anonymous_16)","decl":{"start":{"line":270,"column":79},"end":{"line":270,"column":80}},"loc":{"start":{"line":270,"column":92},"end":{"line":273,"column":5}},"line":270},"17":{"name":"(anonymous_17)","decl":{"start":{"line":288,"column":31},"end":{"line":288,"column":32}},"loc":{"start":{"line":288,"column":88},"end":{"line":326,"column":1}},"line":288},"18":{"name":"(anonymous_18)","decl":{"start":{"line":294,"column":21},"end":{"line":294,"column":22}},"loc":{"start":{"line":294,"column":30},"end":{"line":302,"column":5}},"line":294},"19":{"name":"(anonymous_19)","decl":{"start":{"line":328,"column":39},"end":{"line":328,"column":40}},"loc":{"start":{"line":328,"column":86},"end":{"line":403,"column":1}},"line":328},"20":{"name":"(anonymous_20)","decl":{"start":{"line":330,"column":43},"end":{"line":330,"column":44}},"loc":{"start":{"line":330,"column":50},"end":{"line":330,"column":71}},"line":330},"21":{"name":"(anonymous_21)","decl":{"start":{"line":345,"column":20},"end":{"line":345,"column":21}},"loc":{"start":{"line":345,"column":27},"end":{"line":345,"column":49}},"line":345},"22":{"name":"(anonymous_22)","decl":{"start":{"line":353,"column":18},"end":{"line":353,"column":19}},"loc":{"start":{"line":353,"column":25},"end":{"line":353,"column":78}},"line":353},"23":{"name":"(anonymous_23)","decl":{"start":{"line":375,"column":29},"end":{"line":375,"column":30}},"loc":{"start":{"line":375,"column":36},"end":{"line":379,"column":5}},"line":375},"24":{"name":"(anonymous_24)","decl":{"start":{"line":382,"column":42},"end":{"line":382,"column":43}},"loc":{"start":{"line":382,"column":60},"end":{"line":387,"column":5}},"line":382}},"branchMap":{"0":{"loc":{"start":{"line":26,"column":33},"end":{"line":26,"column":55}},"type":"binary-expr","locations":[{"start":{"line":26,"column":33},"end":{"line":26,"column":49}},{"start":{"line":26,"column":53},"end":{"line":26,"column":55}}],"line":26},"1":{"loc":{"start":{"line":28,"column":4},"end":{"line":32,"column":null}},"type":"if","locations":[{"start":{"line":28,"column":4},"end":{"line":32,"column":null}},{"start":{"line":30,"column":11},"end":{"line":32,"column":null}}],"line":28},"2":{"loc":{"start":{"line":33,"column":33},"end":{"line":33,"column":54}},"type":"binary-expr","locations":[{"start":{"line":33,"column":33},"end":{"line":33,"column":49}},{"start":{"line":33,"column":53},"end":{"line":33,"column":54}}],"line":33},"3":{"loc":{"start":{"line":38,"column":27},"end":{"line":38,"column":49}},"type":"binary-expr","locations":[{"start":{"line":38,"column":27},"end":{"line":38,"column":44}},{"start":{"line":38,"column":48},"end":{"line":38,"column":49}}],"line":38},"4":{"loc":{"start":{"line":39,"column":24},"end":{"line":39,"column":50}},"type":"binary-expr","locations":[{"start":{"line":39,"column":24},"end":{"line":39,"column":45}},{"start":{"line":39,"column":49},"end":{"line":39,"column":50}}],"line":39},"5":{"loc":{"start":{"line":51,"column":38},"end":{"line":51,"column":53}},"type":"default-arg","locations":[{"start":{"line":51,"column":51},"end":{"line":51,"column":53}}],"line":51},"6":{"loc":{"start":{"line":56,"column":24},"end":{"line":56,"column":45}},"type":"binary-expr","locations":[{"start":{"line":56,"column":24},"end":{"line":56,"column":40}},{"start":{"line":56,"column":44},"end":{"line":56,"column":45}}],"line":56},"7":{"loc":{"start":{"line":58,"column":28},"end":{"line":58,"column":53}},"type":"binary-expr","locations":[{"start":{"line":58,"column":28},"end":{"line":58,"column":48}},{"start":{"line":58,"column":52},"end":{"line":58,"column":53}}],"line":58},"8":{"loc":{"start":{"line":65,"column":28},"end":{"line":65,"column":53}},"type":"binary-expr","locations":[{"start":{"line":65,"column":28},"end":{"line":65,"column":48}},{"start":{"line":65,"column":52},"end":{"line":65,"column":53}}],"line":65},"9":{"loc":{"start":{"line":69,"column":33},"end":{"line":69,"column":55}},"type":"binary-expr","locations":[{"start":{"line":69,"column":33},"end":{"line":69,"column":49}},{"start":{"line":69,"column":53},"end":{"line":69,"column":55}}],"line":69},"10":{"loc":{"start":{"line":74,"column":27},"end":{"line":74,"column":47}},"type":"binary-expr","locations":[{"start":{"line":74,"column":27},"end":{"line":74,"column":42}},{"start":{"line":74,"column":46},"end":{"line":74,"column":47}}],"line":74},"11":{"loc":{"start":{"line":75,"column":23},"end":{"line":75,"column":49}},"type":"binary-expr","locations":[{"start":{"line":75,"column":23},"end":{"line":75,"column":44}},{"start":{"line":75,"column":48},"end":{"line":75,"column":49}}],"line":75},"12":{"loc":{"start":{"line":81,"column":23},"end":{"line":81,"column":65}},"type":"cond-expr","locations":[{"start":{"line":81,"column":38},"end":{"line":81,"column":59}},{"start":{"line":81,"column":62},"end":{"line":81,"column":65}}],"line":81},"13":{"loc":{"start":{"line":100,"column":4},"end":{"line":114,"column":null}},"type":"if","locations":[{"start":{"line":100,"column":4},"end":{"line":114,"column":null}},{"start":{},"end":{}}],"line":100},"14":{"loc":{"start":{"line":100,"column":8},"end":{"line":100,"column":57}},"type":"binary-expr","locations":[{"start":{"line":100,"column":8},"end":{"line":100,"column":28}},{"start":{"line":100,"column":32},"end":{"line":100,"column":57}}],"line":100},"15":{"loc":{"start":{"line":102,"column":37},"end":{"line":102,"column":59}},"type":"binary-expr","locations":[{"start":{"line":102,"column":37},"end":{"line":102,"column":53}},{"start":{"line":102,"column":57},"end":{"line":102,"column":59}}],"line":102},"16":{"loc":{"start":{"line":105,"column":41},"end":{"line":105,"column":66}},"type":"binary-expr","locations":[{"start":{"line":105,"column":41},"end":{"line":105,"column":61}},{"start":{"line":105,"column":65},"end":{"line":105,"column":66}}],"line":105},"17":{"loc":{"start":{"line":107,"column":8},"end":{"line":113,"column":null}},"type":"if","locations":[{"start":{"line":107,"column":8},"end":{"line":113,"column":null}},{"start":{},"end":{}}],"line":107},"18":{"loc":{"start":{"line":107,"column":12},"end":{"line":107,"column":80}},"type":"binary-expr","locations":[{"start":{"line":107,"column":12},"end":{"line":107,"column":48}},{"start":{"line":107,"column":52},"end":{"line":107,"column":80}}],"line":107},"19":{"loc":{"start":{"line":108,"column":77},"end":{"line":108,"column":98}},"type":"binary-expr","locations":[{"start":{"line":108,"column":77},"end":{"line":108,"column":93}},{"start":{"line":108,"column":97},"end":{"line":108,"column":98}}],"line":108},"20":{"loc":{"start":{"line":109,"column":12},"end":{"line":112,"column":null}},"type":"if","locations":[{"start":{"line":109,"column":12},"end":{"line":112,"column":null}},{"start":{},"end":{}}],"line":109},"21":{"loc":{"start":{"line":110,"column":31},"end":{"line":110,"column":129}},"type":"binary-expr","locations":[{"start":{"line":110,"column":31},"end":{"line":110,"column":109}},{"start":{"line":110,"column":113},"end":{"line":110,"column":129}}],"line":110},"22":{"loc":{"start":{"line":124,"column":37},"end":{"line":124,"column":52}},"type":"default-arg","locations":[{"start":{"line":124,"column":50},"end":{"line":124,"column":52}}],"line":124},"23":{"loc":{"start":{"line":126,"column":24},"end":{"line":126,"column":45}},"type":"binary-expr","locations":[{"start":{"line":126,"column":24},"end":{"line":126,"column":40}},{"start":{"line":126,"column":44},"end":{"line":126,"column":45}}],"line":126},"24":{"loc":{"start":{"line":127,"column":25},"end":{"line":127,"column":47}},"type":"binary-expr","locations":[{"start":{"line":127,"column":25},"end":{"line":127,"column":42}},{"start":{"line":127,"column":46},"end":{"line":127,"column":47}}],"line":127},"25":{"loc":{"start":{"line":132,"column":4},"end":{"line":138,"column":null}},"type":"if","locations":[{"start":{"line":132,"column":4},"end":{"line":138,"column":null}},{"start":{},"end":{}}],"line":132},"26":{"loc":{"start":{"line":135,"column":8},"end":{"line":137,"column":null}},"type":"if","locations":[{"start":{"line":135,"column":8},"end":{"line":137,"column":null}},{"start":{},"end":{}}],"line":135},"27":{"loc":{"start":{"line":142,"column":16},"end":{"line":142,"column":57}},"type":"cond-expr","locations":[{"start":{"line":142,"column":25},"end":{"line":142,"column":29}},{"start":{"line":142,"column":33},"end":{"line":142,"column":56}}],"line":142},"28":{"loc":{"start":{"line":142,"column":33},"end":{"line":142,"column":56}},"type":"binary-expr","locations":[{"start":{"line":142,"column":33},"end":{"line":142,"column":47}},{"start":{"line":142,"column":51},"end":{"line":142,"column":56}}],"line":142},"29":{"loc":{"start":{"line":149,"column":38},"end":{"line":149,"column":53}},"type":"default-arg","locations":[{"start":{"line":149,"column":51},"end":{"line":149,"column":53}}],"line":149},"30":{"loc":{"start":{"line":151,"column":24},"end":{"line":151,"column":45}},"type":"binary-expr","locations":[{"start":{"line":151,"column":24},"end":{"line":151,"column":40}},{"start":{"line":151,"column":44},"end":{"line":151,"column":45}}],"line":151},"31":{"loc":{"start":{"line":158,"column":4},"end":{"line":163,"column":null}},"type":"if","locations":[{"start":{"line":158,"column":4},"end":{"line":163,"column":null}},{"start":{"line":160,"column":11},"end":{"line":163,"column":null}}],"line":158},"32":{"loc":{"start":{"line":158,"column":8},"end":{"line":158,"column":45}},"type":"binary-expr","locations":[{"start":{"line":158,"column":8},"end":{"line":158,"column":22}},{"start":{"line":158,"column":26},"end":{"line":158,"column":45}}],"line":158},"33":{"loc":{"start":{"line":160,"column":11},"end":{"line":163,"column":null}},"type":"if","locations":[{"start":{"line":160,"column":11},"end":{"line":163,"column":null}},{"start":{},"end":{}}],"line":160},"34":{"loc":{"start":{"line":160,"column":15},"end":{"line":160,"column":53}},"type":"binary-expr","locations":[{"start":{"line":160,"column":15},"end":{"line":160,"column":30}},{"start":{"line":160,"column":34},"end":{"line":160,"column":53}}],"line":160},"35":{"loc":{"start":{"line":188,"column":4},"end":{"line":197,"column":null}},"type":"if","locations":[{"start":{"line":188,"column":4},"end":{"line":197,"column":null}},{"start":{},"end":{}}],"line":188},"36":{"loc":{"start":{"line":192,"column":12},"end":{"line":192,"column":null}},"type":"if","locations":[{"start":{"line":192,"column":12},"end":{"line":192,"column":null}},{"start":{},"end":{}}],"line":192},"37":{"loc":{"start":{"line":203,"column":8},"end":{"line":203,"column":null}},"type":"if","locations":[{"start":{"line":203,"column":8},"end":{"line":203,"column":null}},{"start":{},"end":{}}],"line":203},"38":{"loc":{"start":{"line":232,"column":4},"end":{"line":234,"column":null}},"type":"if","locations":[{"start":{"line":232,"column":4},"end":{"line":234,"column":null}},{"start":{},"end":{}}],"line":232},"39":{"loc":{"start":{"line":240,"column":4},"end":{"line":245,"column":null}},"type":"if","locations":[{"start":{"line":240,"column":4},"end":{"line":245,"column":null}},{"start":{"line":243,"column":11},"end":{"line":245,"column":null}}],"line":240},"40":{"loc":{"start":{"line":249,"column":4},"end":{"line":257,"column":null}},"type":"if","locations":[{"start":{"line":249,"column":4},"end":{"line":257,"column":null}},{"start":{"line":251,"column":11},"end":{"line":257,"column":null}}],"line":249},"41":{"loc":{"start":{"line":277,"column":14},"end":{"line":277,"column":38}},"type":"binary-expr","locations":[{"start":{"line":277,"column":14},"end":{"line":277,"column":25}},{"start":{"line":277,"column":29},"end":{"line":277,"column":38}}],"line":277},"42":{"loc":{"start":{"line":284,"column":22},"end":{"line":284,"column":null}},"type":"binary-expr","locations":[{"start":{"line":284,"column":22},"end":{"line":284,"column":42}},{"start":{"line":284,"column":46},"end":{"line":284,"column":null}}],"line":284},"43":{"loc":{"start":{"line":288,"column":53},"end":{"line":288,"column":67}},"type":"default-arg","locations":[{"start":{"line":288,"column":66},"end":{"line":288,"column":67}}],"line":288},"44":{"loc":{"start":{"line":288,"column":69},"end":{"line":288,"column":83}},"type":"default-arg","locations":[{"start":{"line":288,"column":82},"end":{"line":288,"column":83}}],"line":288},"45":{"loc":{"start":{"line":289,"column":33},"end":{"line":289,"column":55}},"type":"binary-expr","locations":[{"start":{"line":289,"column":33},"end":{"line":289,"column":49}},{"start":{"line":289,"column":53},"end":{"line":289,"column":55}}],"line":289},"46":{"loc":{"start":{"line":295,"column":27},"end":{"line":295,"column":49}},"type":"binary-expr","locations":[{"start":{"line":295,"column":27},"end":{"line":295,"column":44}},{"start":{"line":295,"column":48},"end":{"line":295,"column":49}}],"line":295},"47":{"loc":{"start":{"line":296,"column":24},"end":{"line":296,"column":50}},"type":"binary-expr","locations":[{"start":{"line":296,"column":24},"end":{"line":296,"column":45}},{"start":{"line":296,"column":49},"end":{"line":296,"column":50}}],"line":296},"48":{"loc":{"start":{"line":299,"column":8},"end":{"line":301,"column":null}},"type":"if","locations":[{"start":{"line":299,"column":8},"end":{"line":301,"column":null}},{"start":{},"end":{}}],"line":299},"49":{"loc":{"start":{"line":299,"column":12},"end":{"line":299,"column":45}},"type":"binary-expr","locations":[{"start":{"line":299,"column":12},"end":{"line":299,"column":20}},{"start":{"line":299,"column":24},"end":{"line":299,"column":45}}],"line":299},"50":{"loc":{"start":{"line":310,"column":23},"end":{"line":310,"column":72}},"type":"cond-expr","locations":[{"start":{"line":310,"column":63},"end":{"line":310,"column":66}},{"start":{"line":310,"column":69},"end":{"line":310,"column":72}}],"line":310},"51":{"loc":{"start":{"line":310,"column":24},"end":{"line":310,"column":59}},"type":"binary-expr","locations":[{"start":{"line":310,"column":24},"end":{"line":310,"column":38}},{"start":{"line":310,"column":42},"end":{"line":310,"column":59}}],"line":310},"52":{"loc":{"start":{"line":323,"column":21},"end":{"line":323,"column":41}},"type":"binary-expr","locations":[{"start":{"line":323,"column":21},"end":{"line":323,"column":33}},{"start":{"line":323,"column":37},"end":{"line":323,"column":41}}],"line":323},"53":{"loc":{"start":{"line":328,"column":64},"end":{"line":328,"column":81}},"type":"default-arg","locations":[{"start":{"line":328,"column":80},"end":{"line":328,"column":81}}],"line":328},"54":{"loc":{"start":{"line":351,"column":65},"end":{"line":351,"column":85}},"type":"cond-expr","locations":[{"start":{"line":351,"column":73},"end":{"line":351,"column":78}},{"start":{"line":351,"column":81},"end":{"line":351,"column":85}}],"line":351},"55":{"loc":{"start":{"line":360,"column":34},"end":{"line":360,"column":130}},"type":"cond-expr","locations":[{"start":{"line":360,"column":64},"end":{"line":360,"column":126}},{"start":{"line":360,"column":129},"end":{"line":360,"column":130}}],"line":360},"56":{"loc":{"start":{"line":365,"column":4},"end":{"line":368,"column":null}},"type":"if","locations":[{"start":{"line":365,"column":4},"end":{"line":368,"column":null}},{"start":{},"end":{}}],"line":365},"57":{"loc":{"start":{"line":365,"column":8},"end":{"line":365,"column":59}},"type":"binary-expr","locations":[{"start":{"line":365,"column":8},"end":{"line":365,"column":25}},{"start":{"line":365,"column":29},"end":{"line":365,"column":59}}],"line":365},"58":{"loc":{"start":{"line":370,"column":21},"end":{"line":370,"column":53}},"type":"cond-expr","locations":[{"start":{"line":370,"column":29},"end":{"line":370,"column":48}},{"start":{"line":370,"column":51},"end":{"line":370,"column":53}}],"line":370},"59":{"loc":{"start":{"line":376,"column":8},"end":{"line":378,"column":null}},"type":"if","locations":[{"start":{"line":376,"column":8},"end":{"line":378,"column":null}},{"start":{},"end":{}}],"line":376},"60":{"loc":{"start":{"line":377,"column":44},"end":{"line":377,"column":77}},"type":"binary-expr","locations":[{"start":{"line":377,"column":44},"end":{"line":377,"column":72}},{"start":{"line":377,"column":76},"end":{"line":377,"column":77}}],"line":377},"61":{"loc":{"start":{"line":383,"column":8},"end":{"line":386,"column":null}},"type":"if","locations":[{"start":{"line":383,"column":8},"end":{"line":386,"column":null}},{"start":{},"end":{}}],"line":383},"62":{"loc":{"start":{"line":399,"column":27},"end":{"line":399,"column":91}},"type":"cond-expr","locations":[{"start":{"line":399,"column":55},"end":{"line":399,"column":59}},{"start":{"line":399,"column":62},"end":{"line":399,"column":91}}],"line":399},"63":{"loc":{"start":{"line":401,"column":22},"end":{"line":401,"column":null}},"type":"binary-expr","locations":[{"start":{"line":401,"column":22},"end":{"line":401,"column":43}},{"start":{"line":401,"column":47},"end":{"line":401,"column":null}}],"line":401}},"s":{"0":3,"1":0,"2":3,"3":3,"4":3,"5":1,"6":1,"7":1,"8":1,"9":2,"10":1,"11":1,"12":0,"13":1,"14":2,"15":1,"16":1,"17":2,"18":2,"19":2,"20":1,"21":1,"22":1,"23":3,"24":1,"25":1,"26":1,"27":1,"28":1,"29":1,"30":1,"31":1,"32":1,"33":1,"34":1,"35":2,"36":2,"37":2,"38":2,"39":1,"40":1,"41":1,"42":1,"43":1,"44":1,"45":1,"46":1,"47":1,"48":1,"49":0,"50":0,"51":0,"52":0,"53":0,"54":0,"55":0,"56":0,"57":0,"58":0,"59":0,"60":1,"61":3,"62":1,"63":1,"64":1,"65":1,"66":1,"67":1,"68":1,"69":1,"70":1,"71":0,"72":1,"73":3,"74":51,"75":51,"76":51,"77":51,"78":51,"79":51,"80":51,"81":21,"82":30,"83":0,"84":0,"85":51,"86":3,"87":23,"88":23,"89":23,"90":23,"91":23,"92":23,"93":13,"94":52,"95":13,"96":13,"97":13,"98":18,"99":0,"100":18,"101":18,"102":18,"103":23,"104":23,"105":23,"106":23,"107":24,"108":0,"109":24,"110":24,"111":24,"112":23,"113":3,"114":6,"115":0,"116":6,"117":6,"118":6,"119":6,"120":0,"121":6,"122":6,"123":0,"124":0,"125":0,"126":0,"127":6,"128":23,"129":23,"130":6,"131":32,"132":23,"133":6,"134":3,"135":101,"136":101,"137":101,"138":101,"139":101,"140":202,"141":202,"142":202,"143":202,"144":202,"145":101,"146":101,"147":101,"148":101,"149":101,"150":101,"151":101,"152":101,"153":101,"154":101,"155":101,"156":3,"157":3,"158":3,"159":9,"160":3,"161":3,"162":3,"163":3,"164":3,"165":3,"166":3,"167":3,"168":3,"169":3,"170":3,"171":3,"172":3,"173":3,"174":3,"175":3,"176":3,"177":3,"178":3,"179":3,"180":3,"181":3,"182":3,"183":3,"184":3,"185":3,"186":3,"187":3,"188":3,"189":3,"190":3,"191":3,"192":3,"193":3,"194":0,"195":0,"196":3,"197":3,"198":3,"199":0,"200":0,"201":0,"202":3},"f":{"0":0,"1":1,"2":2,"3":2,"4":2,"5":1,"6":2,"7":0,"8":0,"9":1,"10":51,"11":23,"12":52,"13":6,"14":23,"15":32,"16":23,"17":101,"18":202,"19":3,"20":9,"21":3,"22":3,"23":0,"24":0},"b":{"0":[1,0],"1":[1,0],"2":[2,0],"3":[2,0],"4":[2,0],"5":[1],"6":[1,0],"7":[1,0],"8":[1,0],"9":[1,0],"10":[2,1],"11":[2,0],"12":[1,0],"13":[0,1],"14":[1,0],"15":[0,0],"16":[0,0],"17":[0,0],"18":[0,0],"19":[0,0],"20":[0,0],"21":[0,0],"22":[1],"23":[1,0],"24":[1,0],"25":[1,0],"26":[0,1],"27":[0,1],"28":[1,1],"29":[51],"30":[51,0],"31":[21,30],"32":[51,50],"33":[0,30],"34":[30,1],"35":[13,10],"36":[0,18],"37":[0,24],"38":[0,6],"39":[6,0],"40":[6,0],"41":[6,0],"42":[6,6],"43":[101],"44":[101],"45":[101,0],"46":[202,0],"47":[202,0],"48":[101,101],"49":[202,101],"50":[0,101],"51":[101,0],"52":[101,0],"53":[3],"54":[3,0],"55":[3,0],"56":[3,0],"57":[3,0],"58":[2,1],"59":[0,0],"60":[0,0],"61":[0,0],"62":[3,0],"63":[3,3]},"meta":{"lastBranch":64,"lastFunction":25,"lastStatement":203,"seen":{"s:4:19:4:71":0,"f:4:19:4:20":0,"s:4:28:4:71":1,"s:7:20:10:1":2,"s:13:22:18:1":3,"s:21:27:46:1":4,"f:21:27:21:28":1,"s:22:21:22:60":5,"s:25:17:25:19":6,"s:26:21:26:56":7,"b:26:33:26:49:26:53:26:55":0,"s:27:28:27:85":8,"f:27:44:27:45":2,"s:27:49:27:84":9,"b:28:4:32:Infinity:30:11:32:Infinity":1,"s:28:4:32:Infinity":10,"s:29:8:29:Infinity":11,"s:31:8:31:Infinity":12,"s:33:19:33:55":13,"f:33:28:33:29":3,"s:33:33:33:54":14,"b:33:33:33:49:33:53:33:54":2,"s:36:19:36:20":15,"s:37:4:41:Infinity":16,"f:37:21:37:24":4,"s:38:26:38:54":17,"b:38:27:38:44:38:48:38:49":3,"s:39:23:39:55":18,"b:39:24:39:45:39:49:39:50":4,"s:40:8:40:Infinity":19,"s:42:21:42:60":20,"s:43:31:43:84":21,"s:45:4:45:Infinity":22,"s:51:28:121:1":23,"f:51:28:51:29":5,"b:51:51:51:53":5,"s:54:21:54:49":24,"s:56:23:56:51":25,"b:56:24:56:40:56:44:56:45":6,"s:58:27:58:59":26,"b:58:28:58:48:58:52:58:53":7,"s:59:27:59:88":27,"s:61:22:61:72":28,"s:65:27:65:59":29,"b:65:28:65:48:65:52:65:53":8,"s:66:20:66:46":30,"s:69:21:69:56":31,"b:69:33:69:49:69:53:69:55":9,"s:70:21:70:22":32,"s:71:19:71:20":33,"s:73:4:79:Infinity":34,"f:73:21:73:24":6,"s:74:27:74:47":35,"b:74:27:74:42:74:46:74:47":10,"s:75:23:75:49":36,"b:75:23:75:44:75:48:75:49":11,"s:76:8:76:Infinity":37,"s:78:8:78:Infinity":38,"s:81:23:81:65":39,"b:81:38:81:59:81:62:81:65":12,"s:83:23:83:39":40,"s:86:29:86:81":41,"s:90:21:90:25":42,"s:91:24:91:87":43,"s:94:22:94:65":44,"s:95:26:95:49":45,"s:96:26:96:60":46,"s:99:18:99:22":47,"b:100:4:114:Infinity:undefined:undefined:undefined:undefined":13,"s:100:4:114:Infinity":48,"b:100:8:100:28:100:32:100:57":14,"s:101:28:101:53":49,"s:102:25:102:109":50,"b:102:37:102:53:102:57:102:59":15,"f:102:68:102:69":7,"s:102:73:102:108":51,"s:105:40:105:72":52,"b:105:41:105:61:105:65:105:66":16,"s:106:29:106:64":53,"b:107:8:113:Infinity:undefined:undefined:undefined:undefined":17,"s:107:8:113:Infinity":54,"b:107:12:107:48:107:52:107:80":18,"s:108:34:108:100":55,"f:108:50:108:51":8,"s:108:55:108:99":56,"b:108:77:108:93:108:97:108:98":19,"b:109:12:112:Infinity:undefined:undefined:undefined:undefined":20,"s:109:12:112:Infinity":57,"s:110:31:110:129":58,"b:110:31:110:109:110:113:110:129":21,"s:111:16:111:Infinity":59,"s:116:4:120:Infinity":60,"s:124:27:145:1":61,"f:124:27:124:28":9,"b:124:50:124:52":22,"s:125:21:125:49":62,"s:126:23:126:51":63,"b:126:24:126:40:126:44:126:45":23,"s:127:24:127:53":64,"b:127:25:127:42:127:46:127:47":24,"s:128:27:128:81":65,"s:129:21:129:71":66,"s:131:17:131:22":67,"b:132:4:138:Infinity:undefined:undefined:undefined:undefined":25,"s:132:4:138:Infinity":68,"s:134:26:134:66":69,"b:135:8:137:Infinity:undefined:undefined:undefined:undefined":26,"s:135:8:137:Infinity":70,"s:136:12:136:Infinity":71,"s:140:4:144:Infinity":72,"b:142:25:142:29:142:33:142:56":27,"b:142:33:142:47:142:51:142:56":28,"s:149:28:171:1":73,"f:149:28:149:29":10,"b:149:51:149:53":29,"s:150:21:150:43":74,"s:151:23:151:51":75,"b:151:24:151:40:151:44:151:45":30,"s:152:27:152:64":76,"s:153:22:153:72":77,"s:155:19:155:24":78,"s:156:24:156:25":79,"b:158:4:163:Infinity:160:11:163:Infinity":31,"s:158:4:163:Infinity":80,"b:158:8:158:22:158:26:158:45":32,"s:159:8:159:Infinity":81,"b:160:11:163:Infinity:undefined:undefined:undefined:undefined":33,"s:160:11:163:Infinity":82,"b:160:15:160:30:160:34:160:53":34,"s:161:32:161:49":83,"s:162:8:162:Infinity":84,"s:165:4:170:Infinity":85,"s:174:24:223:1":86,"f:174:24:174:25":11,"s:178:28:178:69":87,"s:179:23:179:53":88,"s:181:21:181:23":89,"s:184:4:184:Infinity":90,"s:185:4:185:Infinity":91,"b:188:4:197:Infinity:undefined:undefined:undefined:undefined":35,"s:188:4:197:Infinity":92,"s:189:30:189:85":93,"f:189:61:189:62":12,"s:189:66:189:83":94,"s:190:27:190:66":95,"s:191:8:196:Infinity":96,"s:191:21:191:22":97,"b:192:12:192:Infinity:undefined:undefined:undefined:undefined":36,"s:192:12:192:Infinity":98,"s:192:44:192:Infinity":99,"s:193:24:193:72":100,"s:194:26:194:57":101,"s:195:12:195:Infinity":102,"s:200:27:200:72":103,"s:201:30:201:58":104,"s:202:4:207:Infinity":105,"s:202:17:202:18":106,"b:203:8:203:Infinity:undefined:undefined:undefined:undefined":37,"s:203:8:203:Infinity":107,"s:203:44:203:Infinity":108,"s:204:20:204:72":109,"s:205:22:205:57":110,"s:206:8:206:Infinity":111,"s:209:4:222:Infinity":112,"s:225:36:286:1":113,"f:225:36:225:37":13,"b:232:4:234:Infinity:undefined:undefined:undefined:undefined":38,"s:232:4:234:Infinity":114,"s:233:8:233:Infinity":115,"s:236:28:236:50":116,"b:240:4:245:Infinity:243:11:245:Infinity":39,"s:240:4:245:Infinity":117,"s:241:27:241:46":118,"s:242:8:242:Infinity":119,"s:244:8:244:Infinity":120,"b:249:4:257:Infinity:251:11:257:Infinity":40,"s:249:4:257:Infinity":121,"s:250:8:250:Infinity":122,"s:253:8:253:Infinity":123,"s:254:8:256:Infinity":124,"s:254:21:254:22":125,"s:255:12:255:Infinity":126,"s:260:21:267:6":127,"f:260:61:260:62":14,"s:261:24:261:45":128,"s:262:8:266:Infinity":129,"s:270:29:273:7":130,"f:270:48:270:49":15,"s:270:54:270:73":131,"f:270:79:270:80":16,"s:270:92:273:5":132,"s:275:4:285:Infinity":133,"b:277:14:277:25:277:29:277:38":41,"b:284:22:284:42:284:46:284:Infinity":42,"s:288:31:326:1":134,"f:288:31:288:32":17,"b:288:66:288:67":43,"b:288:82:288:83":44,"s:289:21:289:56":135,"b:289:33:289:49:289:53:289:55":45,"s:290:25:290:51":136,"s:291:19:291:20":137,"s:292:18:292:22":138,"s:294:4:302:Infinity":139,"f:294:21:294:22":18,"s:295:26:295:54":140,"b:295:27:295:44:295:48:295:49":46,"s:296:23:296:55":141,"b:296:24:296:45:296:49:296:50":47,"s:297:22:297:40":142,"s:298:8:298:Infinity":143,"b:299:8:301:Infinity:undefined:undefined:undefined:undefined":48,"s:299:8:301:Infinity":144,"b:299:12:299:20:299:24:299:45":49,"s:300:12:300:Infinity":145,"s:304:21:304:60":146,"s:306:33:306:54":147,"s:308:33:308:53":148,"s:310:23:310:72":149,"b:310:63:310:66:310:69:310:72":50,"b:310:24:310:38:310:42:310:59":51,"s:312:26:312:141":150,"s:313:20:313:38":151,"s:316:21:316:48":152,"s:317:27:317:62":153,"s:318:21:318:72":154,"s:320:4:325:Infinity":155,"b:323:21:323:33:323:37:323:41":52,"s:328:39:403:1":156,"f:328:39:328:40":19,"b:328:80:328:81":53,"s:329:18:329:41":157,"s:330:19:330:79":158,"f:330:43:330:44":20,"s:330:50:330:71":159,"s:331:21:331:44":160,"s:332:21:332:73":161,"s:335:14:335:19":162,"s:336:14:336:20":163,"s:337:14:337:22":164,"s:340:15:340:65":165,"s:341:14:341:44":166,"s:342:17:342:36":167,"s:343:17:343:36":168,"s:344:14:344:17":169,"s:345:20:345:49":170,"f:345:20:345:21":21,"s:345:27:345:49":171,"s:346:26:346:84":172,"s:347:27:347:56":173,"s:350:16:350:37":174,"s:351:23:351:87":175,"b:351:73:351:78:351:81:351:85":54,"s:352:23:352:74":176,"s:353:18:353:78":177,"f:353:18:353:19":22,"s:353:25:353:78":178,"s:354:28:354:56":179,"s:356:4:356:Infinity":180,"s:357:16:357:49":181,"s:358:24:358:92":182,"s:359:22:359:51":183,"s:360:22:360:149":184,"b:360:64:360:126:360:129:360:130":55,"s:362:22:362:43":185,"s:364:4:364:Infinity":186,"b:365:4:368:Infinity:undefined:undefined:undefined:undefined":56,"s:365:4:368:Infinity":187,"b:365:8:365:25:365:29:365:59":57,"s:366:8:366:Infinity":188,"s:367:8:367:Infinity":189,"s:370:21:370:53":190,"b:370:29:370:48:370:51:370:53":58,"s:371:23:371:29":191,"s:374:26:374:28":192,"s:375:4:379:Infinity":193,"f:375:29:375:30":23,"b:376:8:378:Infinity:undefined:undefined:undefined:undefined":59,"s:376:8:378:Infinity":194,"s:377:12:377:Infinity":195,"b:377:44:377:72:377:76:377:77":60,"s:380:19:380:23":196,"s:381:23:381:25":197,"s:382:4:387:Infinity":198,"f:382:42:382:43":24,"b:383:8:386:Infinity:undefined:undefined:undefined:undefined":61,"s:383:8:386:Infinity":199,"s:384:12:384:Infinity":200,"s:385:12:385:Infinity":201,"s:389:4:402:Infinity":202,"b:399:55:399:59:399:62:399:91":62,"b:401:22:401:43:401:47:401:Infinity":63}}}
,"/home/runner/work/ACMer-Simulator/ACMer-Simulator/src/data/events.js": {"path":"/home/runner/work/ACMer-Simulator/ACMer-Simulator/src/data/events.js","statementMap":{"0":{"start":{"line":5,"column":16},"end":{"line":5,"column":55}},"1":{"start":{"line":5,"column":32},"end":{"line":5,"column":55}},"2":{"start":{"line":6,"column":16},"end":{"line":6,"column":101}},"3":{"start":{"line":6,"column":42},"end":{"line":6,"column":100}},"4":{"start":{"line":9,"column":23},"end":{"line":32,"column":1}},"5":{"start":{"line":10,"column":29},"end":{"line":10,"column":42}},"6":{"start":{"line":11,"column":31},"end":{"line":11,"column":32}},"7":{"start":{"line":12,"column":31},"end":{"line":12,"column":68}},"8":{"start":{"line":13,"column":18},"end":{"line":13,"column":53}},"9":{"start":{"line":18,"column":4},"end":{"line":29,"column":null}},"10":{"start":{"line":20,"column":6},"end":{"line":20,"column":null}},"11":{"start":{"line":22,"column":39},"end":{"line":22,"column":52}},"12":{"start":{"line":23,"column":29},"end":{"line":23,"column":70}},"13":{"start":{"line":24,"column":6},"end":{"line":28,"column":null}},"14":{"start":{"line":25,"column":8},"end":{"line":25,"column":null}},"15":{"start":{"line":27,"column":8},"end":{"line":27,"column":null}},"16":{"start":{"line":31,"column":4},"end":{"line":31,"column":null}},"17":{"start":{"line":35,"column":22},"end":{"line":509,"column":1}},"18":{"start":{"line":42,"column":30},"end":{"line":42,"column":57}},"19":{"start":{"line":44,"column":12},"end":{"line":44,"column":null}},"20":{"start":{"line":78,"column":30},"end":{"line":78,"column":57}},"21":{"start":{"line":79,"column":12},"end":{"line":79,"column":74}},"22":{"start":{"line":118,"column":30},"end":{"line":118,"column":57}},"23":{"start":{"line":119,"column":12},"end":{"line":119,"column":74}},"24":{"start":{"line":158,"column":30},"end":{"line":158,"column":57}},"25":{"start":{"line":159,"column":12},"end":{"line":159,"column":74}},"26":{"start":{"line":198,"column":30},"end":{"line":198,"column":57}},"27":{"start":{"line":199,"column":12},"end":{"line":199,"column":31}},"28":{"start":{"line":219,"column":30},"end":{"line":219,"column":57}},"29":{"start":{"line":220,"column":12},"end":{"line":220,"column":31}},"30":{"start":{"line":253,"column":36},"end":{"line":253,"column":63}},"31":{"start":{"line":254,"column":12},"end":{"line":254,"column":86}},"32":{"start":{"line":293,"column":36},"end":{"line":293,"column":63}},"33":{"start":{"line":294,"column":12},"end":{"line":294,"column":null}},"34":{"start":{"line":333,"column":36},"end":{"line":333,"column":63}},"35":{"start":{"line":334,"column":12},"end":{"line":334,"column":null}},"36":{"start":{"line":373,"column":36},"end":{"line":373,"column":63}},"37":{"start":{"line":374,"column":12},"end":{"line":374,"column":null}},"38":{"start":{"line":413,"column":30},"end":{"line":413,"column":57}},"39":{"start":{"line":414,"column":12},"end":{"line":414,"column":31}},"40":{"start":{"line":435,"column":36},"end":{"line":435,"column":63}},"41":{"start":{"line":436,"column":12},"end":{"line":436,"column":64}},"42":{"start":{"line":475,"column":36},"end":{"line":475,"column":63}},"43":{"start":{"line":477,"column":12},"end":{"line":477,"column":null}},"44":{"start":{"line":513,"column":18},"end":{"line":513,"column":40}},"45":{"start":{"line":514,"column":23},"end":{"line":530,"column":6}},"46":{"start":{"line":515,"column":37},"end":{"line":515,"column":39}},"47":{"start":{"line":516,"column":23},"end":{"line":516,"column":27}},"48":{"start":{"line":517,"column":8},"end":{"line":521,"column":null}},"49":{"start":{"line":518,"column":35},"end":{"line":518,"column":51}},"50":{"start":{"line":519,"column":12},"end":{"line":519,"column":null}},"51":{"start":{"line":519,"column":43},"end":{"line":519,"column":null}},"52":{"start":{"line":520,"column":12},"end":{"line":520,"column":null}},"53":{"start":{"line":520,"column":41},"end":{"line":520,"column":null}},"54":{"start":{"line":523,"column":19},"end":{"line":523,"column":95}},"55":{"start":{"line":524,"column":8},"end":{"line":524,"column":null}},"56":{"start":{"line":524,"column":30},"end":{"line":524,"column":null}},"57":{"start":{"line":526,"column":8},"end":{"line":528,"column":null}},"58":{"start":{"line":527,"column":12},"end":{"line":527,"column":null}},"59":{"start":{"line":529,"column":8},"end":{"line":529,"column":null}},"60":{"start":{"line":532,"column":19},"end":{"line":532,"column":21}},"61":{"start":{"line":533,"column":17},"end":{"line":533,"column":26}},"62":{"start":{"line":534,"column":4},"end":{"line":536,"column":null}},"63":{"start":{"line":535,"column":8},"end":{"line":535,"column":null}},"64":{"start":{"line":535,"column":32},"end":{"line":535,"column":48}},"65":{"start":{"line":535,"column":49},"end":{"line":535,"column":65}},"66":{"start":{"line":537,"column":4},"end":{"line":541,"column":null}},"67":{"start":{"line":538,"column":19},"end":{"line":538,"column":38}},"68":{"start":{"line":539,"column":19},"end":{"line":539,"column":38}},"69":{"start":{"line":540,"column":8},"end":{"line":540,"column":23}},"70":{"start":{"line":542,"column":4},"end":{"line":542,"column":null}}},"fnMap":{"0":{"name":"(anonymous_0)","decl":{"start":{"line":5,"column":16},"end":{"line":5,"column":17}},"loc":{"start":{"line":5,"column":32},"end":{"line":5,"column":55}},"line":5},"1":{"name":"(anonymous_1)","decl":{"start":{"line":6,"column":16},"end":{"line":6,"column":17}},"loc":{"start":{"line":6,"column":42},"end":{"line":6,"column":100}},"line":6},"2":{"name":"(anonymous_2)","decl":{"start":{"line":9,"column":23},"end":{"line":9,"column":24}},"loc":{"start":{"line":9,"column":38},"end":{"line":32,"column":1}},"line":9},"3":{"name":"(anonymous_3)","decl":{"start":{"line":41,"column":20},"end":{"line":41,"column":21}},"loc":{"start":{"line":41,"column":31},"end":{"line":45,"column":9}},"line":41},"4":{"name":"(anonymous_4)","decl":{"start":{"line":77,"column":20},"end":{"line":77,"column":21}},"loc":{"start":{"line":77,"column":31},"end":{"line":80,"column":9}},"line":77},"5":{"name":"(anonymous_5)","decl":{"start":{"line":117,"column":20},"end":{"line":117,"column":21}},"loc":{"start":{"line":117,"column":31},"end":{"line":120,"column":9}},"line":117},"6":{"name":"(anonymous_6)","decl":{"start":{"line":157,"column":20},"end":{"line":157,"column":21}},"loc":{"start":{"line":157,"column":31},"end":{"line":160,"column":9}},"line":157},"7":{"name":"(anonymous_7)","decl":{"start":{"line":197,"column":20},"end":{"line":197,"column":21}},"loc":{"start":{"line":197,"column":31},"end":{"line":200,"column":9}},"line":197},"8":{"name":"(anonymous_8)","decl":{"start":{"line":218,"column":20},"end":{"line":218,"column":21}},"loc":{"start":{"line":218,"column":31},"end":{"line":221,"column":9}},"line":218},"9":{"name":"(anonymous_9)","decl":{"start":{"line":252,"column":20},"end":{"line":252,"column":21}},"loc":{"start":{"line":252,"column":31},"end":{"line":255,"column":9}},"line":252},"10":{"name":"(anonymous_10)","decl":{"start":{"line":292,"column":20},"end":{"line":292,"column":21}},"loc":{"start":{"line":292,"column":31},"end":{"line":295,"column":9}},"line":292},"11":{"name":"(anonymous_11)","decl":{"start":{"line":332,"column":20},"end":{"line":332,"column":21}},"loc":{"start":{"line":332,"column":31},"end":{"line":335,"column":9}},"line":332},"12":{"name":"(anonymous_12)","decl":{"start":{"line":372,"column":20},"end":{"line":372,"column":21}},"loc":{"start":{"line":372,"column":31},"end":{"line":375,"column":9}},"line":372},"13":{"name":"(anonymous_13)","decl":{"start":{"line":412,"column":20},"end":{"line":412,"column":21}},"loc":{"start":{"line":412,"column":31},"end":{"line":415,"column":9}},"line":412},"14":{"name":"(anonymous_14)","decl":{"start":{"line":434,"column":20},"end":{"line":434,"column":21}},"loc":{"start":{"line":434,"column":31},"end":{"line":437,"column":9}},"line":434},"15":{"name":"(anonymous_15)","decl":{"start":{"line":474,"column":20},"end":{"line":474,"column":21}},"loc":{"start":{"line":474,"column":31},"end":{"line":478,"column":9}},"line":474},"16":{"name":"scheduleMonthlyEvents","decl":{"start":{"line":512,"column":16},"end":{"line":512,"column":37}},"loc":{"start":{"line":512,"column":52},"end":{"line":543,"column":null}},"line":512},"17":{"name":"(anonymous_17)","decl":{"start":{"line":514,"column":37},"end":{"line":514,"column":38}},"loc":{"start":{"line":514,"column":45},"end":{"line":530,"column":5}},"line":514},"18":{"name":"(anonymous_18)","decl":{"start":{"line":534,"column":23},"end":{"line":534,"column":24}},"loc":{"start":{"line":534,"column":31},"end":{"line":536,"column":5}},"line":534},"19":{"name":"(anonymous_19)","decl":{"start":{"line":537,"column":16},"end":{"line":537,"column":17}},"loc":{"start":{"line":537,"column":26},"end":{"line":541,"column":5}},"line":537}},"branchMap":{"0":{"loc":{"start":{"line":5,"column":35},"end":{"line":5,"column":54}},"type":"binary-expr","locations":[{"start":{"line":5,"column":35},"end":{"line":5,"column":40}},{"start":{"line":5,"column":44},"end":{"line":5,"column":54}}],"line":5},"1":{"loc":{"start":{"line":6,"column":29},"end":{"line":6,"column":36}},"type":"default-arg","locations":[{"start":{"line":6,"column":35},"end":{"line":6,"column":36}}],"line":6},"2":{"loc":{"start":{"line":6,"column":42},"end":{"line":6,"column":100}},"type":"cond-expr","locations":[{"start":{"line":6,"column":84},"end":{"line":6,"column":94}},{"start":{"line":6,"column":97},"end":{"line":6,"column":100}}],"line":6},"3":{"loc":{"start":{"line":6,"column":42},"end":{"line":6,"column":81}},"type":"binary-expr","locations":[{"start":{"line":6,"column":42},"end":{"line":6,"column":47}},{"start":{"line":6,"column":51},"end":{"line":6,"column":81}}],"line":6},"4":{"loc":{"start":{"line":18,"column":4},"end":{"line":29,"column":null}},"type":"if","locations":[{"start":{"line":18,"column":4},"end":{"line":29,"column":null}},{"start":{"line":21,"column":11},"end":{"line":29,"column":null}}],"line":18},"5":{"loc":{"start":{"line":24,"column":6},"end":{"line":28,"column":null}},"type":"if","locations":[{"start":{"line":24,"column":6},"end":{"line":28,"column":null}},{"start":{"line":26,"column":13},"end":{"line":28,"column":null}}],"line":24},"6":{"loc":{"start":{"line":44,"column":19},"end":{"line":44,"column":91}},"type":"binary-expr","locations":[{"start":{"line":44,"column":20},"end":{"line":44,"column":31}},{"start":{"line":44,"column":35},"end":{"line":44,"column":46}},{"start":{"line":44,"column":51},"end":{"line":44,"column":91}}],"line":44},"7":{"loc":{"start":{"line":79,"column":19},"end":{"line":79,"column":73}},"type":"binary-expr","locations":[{"start":{"line":79,"column":19},"end":{"line":79,"column":30}},{"start":{"line":79,"column":34},"end":{"line":79,"column":73}}],"line":79},"8":{"loc":{"start":{"line":119,"column":19},"end":{"line":119,"column":73}},"type":"binary-expr","locations":[{"start":{"line":119,"column":19},"end":{"line":119,"column":30}},{"start":{"line":119,"column":34},"end":{"line":119,"column":73}}],"line":119},"9":{"loc":{"start":{"line":159,"column":19},"end":{"line":159,"column":73}},"type":"binary-expr","locations":[{"start":{"line":159,"column":19},"end":{"line":159,"column":30}},{"start":{"line":159,"column":34},"end":{"line":159,"column":73}}],"line":159},"10":{"loc":{"start":{"line":254,"column":19},"end":{"line":254,"column":85}},"type":"binary-expr","locations":[{"start":{"line":254,"column":19},"end":{"line":254,"column":30}},{"start":{"line":254,"column":34},"end":{"line":254,"column":42}},{"start":{"line":254,"column":46},"end":{"line":254,"column":85}}],"line":254},"11":{"loc":{"start":{"line":294,"column":19},"end":{"line":294,"column":87}},"type":"binary-expr","locations":[{"start":{"line":294,"column":19},"end":{"line":294,"column":31}},{"start":{"line":294,"column":35},"end":{"line":294,"column":44}},{"start":{"line":294,"column":48},"end":{"line":294,"column":87}}],"line":294},"12":{"loc":{"start":{"line":334,"column":19},"end":{"line":334,"column":87}},"type":"binary-expr","locations":[{"start":{"line":334,"column":19},"end":{"line":334,"column":31}},{"start":{"line":334,"column":35},"end":{"line":334,"column":44}},{"start":{"line":334,"column":48},"end":{"line":334,"column":87}}],"line":334},"13":{"loc":{"start":{"line":374,"column":19},"end":{"line":374,"column":87}},"type":"binary-expr","locations":[{"start":{"line":374,"column":19},"end":{"line":374,"column":31}},{"start":{"line":374,"column":35},"end":{"line":374,"column":44}},{"start":{"line":374,"column":48},"end":{"line":374,"column":87}}],"line":374},"14":{"loc":{"start":{"line":436,"column":19},"end":{"line":436,"column":63}},"type":"binary-expr","locations":[{"start":{"line":436,"column":20},"end":{"line":436,"column":32}},{"start":{"line":436,"column":36},"end":{"line":436,"column":48}},{"start":{"line":436,"column":53},"end":{"line":436,"column":63}}],"line":436},"15":{"loc":{"start":{"line":477,"column":19},"end":{"line":477,"column":121}},"type":"binary-expr","locations":[{"start":{"line":477,"column":20},"end":{"line":477,"column":32}},{"start":{"line":477,"column":36},"end":{"line":477,"column":48}},{"start":{"line":477,"column":52},"end":{"line":477,"column":64}},{"start":{"line":477,"column":69},"end":{"line":477,"column":78}},{"start":{"line":477,"column":82},"end":{"line":477,"column":121}}],"line":477},"16":{"loc":{"start":{"line":513,"column":18},"end":{"line":513,"column":40}},"type":"binary-expr","locations":[{"start":{"line":513,"column":18},"end":{"line":513,"column":34}},{"start":{"line":513,"column":38},"end":{"line":513,"column":40}}],"line":513},"17":{"loc":{"start":{"line":517,"column":8},"end":{"line":521,"column":null}},"type":"if","locations":[{"start":{"line":517,"column":8},"end":{"line":521,"column":null}},{"start":{},"end":{}}],"line":517},"18":{"loc":{"start":{"line":519,"column":12},"end":{"line":519,"column":null}},"type":"if","locations":[{"start":{"line":519,"column":12},"end":{"line":519,"column":null}},{"start":{},"end":{}}],"line":519},"19":{"loc":{"start":{"line":519,"column":54},"end":{"line":519,"column":80}},"type":"binary-expr","locations":[{"start":{"line":519,"column":54},"end":{"line":519,"column":62}},{"start":{"line":519,"column":66},"end":{"line":519,"column":80}}],"line":519},"20":{"loc":{"start":{"line":520,"column":12},"end":{"line":520,"column":null}},"type":"if","locations":[{"start":{"line":520,"column":12},"end":{"line":520,"column":null}},{"start":{},"end":{}}],"line":520},"21":{"loc":{"start":{"line":520,"column":52},"end":{"line":520,"column":76}},"type":"binary-expr","locations":[{"start":{"line":520,"column":52},"end":{"line":520,"column":60}},{"start":{"line":520,"column":64},"end":{"line":520,"column":76}}],"line":520},"22":{"loc":{"start":{"line":523,"column":19},"end":{"line":523,"column":95}},"type":"cond-expr","locations":[{"start":{"line":523,"column":35},"end":{"line":523,"column":88}},{"start":{"line":523,"column":91},"end":{"line":523,"column":95}}],"line":523},"23":{"loc":{"start":{"line":524,"column":8},"end":{"line":524,"column":null}},"type":"if","locations":[{"start":{"line":524,"column":8},"end":{"line":524,"column":null}},{"start":{},"end":{}}],"line":524},"24":{"loc":{"start":{"line":524,"column":12},"end":{"line":524,"column":28}},"type":"binary-expr","locations":[{"start":{"line":524,"column":12},"end":{"line":524,"column":21}},{"start":{"line":524,"column":25},"end":{"line":524,"column":28}}],"line":524},"25":{"loc":{"start":{"line":526,"column":8},"end":{"line":528,"column":null}},"type":"if","locations":[{"start":{"line":526,"column":8},"end":{"line":528,"column":null}},{"start":{},"end":{}}],"line":526},"26":{"loc":{"start":{"line":535,"column":8},"end":{"line":535,"column":null}},"type":"if","locations":[{"start":{"line":535,"column":8},"end":{"line":535,"column":null}},{"start":{},"end":{}}],"line":535},"27":{"loc":{"start":{"line":538,"column":19},"end":{"line":538,"column":38}},"type":"cond-expr","locations":[{"start":{"line":538,"column":33},"end":{"line":538,"column":34}},{"start":{"line":538,"column":37},"end":{"line":538,"column":38}}],"line":538},"28":{"loc":{"start":{"line":539,"column":19},"end":{"line":539,"column":38}},"type":"cond-expr","locations":[{"start":{"line":539,"column":33},"end":{"line":539,"column":34}},{"start":{"line":539,"column":37},"end":{"line":539,"column":38}}],"line":539}},"s":{"0":2,"1":1,"2":2,"3":0,"4":2,"5":13143,"6":13143,"7":13143,"8":13143,"9":13143,"10":13117,"11":26,"12":26,"13":26,"14":26,"15":0,"16":13143,"17":2,"18":1011,"19":1011,"20":1011,"21":1011,"22":1011,"23":1011,"24":1011,"25":1011,"26":1011,"27":1011,"28":1011,"29":1011,"30":1011,"31":1011,"32":1011,"33":1011,"34":1011,"35":1011,"36":1011,"37":1011,"38":1011,"39":1011,"40":1011,"41":1011,"42":1011,"43":1011,"44":1011,"45":1011,"46":13143,"47":13143,"48":13143,"49":0,"50":0,"51":0,"52":0,"53":0,"54":13143,"55":13143,"56":12132,"57":1011,"58":1009,"59":2,"60":1011,"61":1011,"62":1011,"63":408,"64":408,"65":408,"66":1011,"67":1,"68":1,"69":1,"70":1011},"f":{"0":1,"1":0,"2":13143,"3":1011,"4":1011,"5":1011,"6":1011,"7":1011,"8":1011,"9":1011,"10":1011,"11":1011,"12":1011,"13":1011,"14":1011,"15":1011,"16":1011,"17":13143,"18":408,"19":1},"b":{"0":[1,1],"1":[0],"2":[0,0],"3":[0,0],"4":[13117,26],"5":[26,0],"6":[1011,1011,1],"7":[1011,0],"8":[1011,0],"9":[1011,0],"10":[1011,0,0],"11":[1011,1009,0],"12":[1011,0
[...]
},"30":{"loc":{"start":{"line":184,"column":69},"end":{"line":184,"column":110}},"type":"binary-expr","locations":[{"start":{"line":184,"column":69},"end":{"line":184,"column":105}},{"start":{"line":184,"column":109},"end":{"line":184,"column":110}}],"line":184},"31":{"loc":{"start":{"line":188,"column":21},"end":{"line":188,"column":50}},"type":"binary-expr","locations":[{"start":{"line":188,"column":21},"end":{"line":188,"column":44}},{"start":{"line":188,"column":48},"end":{"line":188,"column":50}}],"line":188},"32":{"loc":{"start":{"line":191,"column":33},"end":{"line":191,"column":63}},"type":"binary-expr","locations":[{"start":{"line":191,"column":33},"end":{"line":191,"column":57}},{"start":{"line":191,"column":61},"end":{"line":191,"column":63}}],"line":191},"33":{"loc":{"start":{"line":199,"column":51},"end":{"line":199,"column":77}},"type":"default-arg","locations":[{"start":{"line":199,"column":73},"end":{"line":199,"column":77}}],"line":199},"34":{"loc":{"start":{"line":201,"column":22},"end":{"line":201,"column":42}},"type":"binary-expr","locations":[{"start":{"line":201,"column":22},"end":{"line":201,"column":36}},{"start":{"line":201,"column":40},"end":{"line":201,"column":42}}],"line":201},"35":{"loc":{"start":{"line":202,"column":19},"end":{"line":202,"column":40}},"type":"binary-expr","locations":[{"start":{"line":202,"column":19},"end":{"line":202,"column":34}},{"start":{"line":202,"column":38},"end":{"line":202,"column":40}}],"line":202},"36":{"loc":{"start":{"line":205,"column":2},"end":{"line":218,"column":null}},"type":"if","locations":[{"start":{"line":205,"column":2},"end":{"line":218,"column":null}},{"start":{},"end":{}}],"line":205},"37":{"loc":{"start":{"line":205,"column":6},"end":{"line":205,"column":69}},"type":"binary-expr","locations":[{"start":{"line":205,"column":6},"end":{"line":205,"column":34}},{"start":{"line":205,"column":38},"end":{"line":205,"column":69}}],"line":205},"38":{"loc":{"start":{"line":210,"column":4},"end":{"line":217,"column":null}},"type":"if","locations":[{"start":{"line":210,"column":4},"end":{"line":217,"column":null}},{"start":{},"end":{}}],"line":210},"39":{"loc":{"start":{"line":221,"column":2},"end":{"line":223,"column":null}},"type":"if","locations":[{"start":{"line":221,"column":2},"end":{"line":223,"column":null}},{"start":{},"end":{}}],"line":221},"40":{"loc":{"start":{"line":248,"column":14},"end":{"line":248,"column":43}},"type":"binary-expr","locations":[{"start":{"line":248,"column":14},"end":{"line":248,"column":37}},{"start":{"line":248,"column":41},"end":{"line":248,"column":43}}],"line":248},"41":{"loc":{"start":{"line":249,"column":2},"end":{"line":249,"column":null}},"type":"if","locations":[{"start":{"line":249,"column":2},"end":{"line":249,"column":null}},{"start":{},"end":{}}],"line":249},"42":{"loc":{"start":{"line":252,"column":2},"end":{"line":252,"column":null}},"type":"if","locations":[{"start":{"line":252,"column":2},"end":{"line":252,"column":null}},{"start":{},"end":{}}],"line":252},"43":{"loc":{"start":{"line":255,"column":2},"end":{"line":265,"column":null}},"type":"if","locations":[{"start":{"line":255,"column":2},"end":{"line":265,"column":null}},{"start":{},"end":{}}],"line":255},"44":{"loc":{"start":{"line":278,"column":2},"end":{"line":280,"column":null}},"type":"if","locations":[{"start":{"line":278,"column":2},"end":{"line":280,"column":null}},{"start":{},"end":{}}],"line":278},"45":{"loc":{"start":{"line":288,"column":13},"end":{"line":288,"column":30}},"type":"cond-expr","locations":[{"start":{"line":288,"column":18},"end":{"line":288,"column":25}},{"start":{"line":288,"column":28},"end":{"line":288,"column":30}}],"line":288},"46":{"loc":{"start":{"line":293,"column":14},"end":{"line":293,"column":43}},"type":"binary-expr","locations":[{"start":{"line":293,"column":14},"end":{"line":293,"column":37}},{"start":{"line":293,"column":41},"end":{"line":293,"column":43}}],"line":293},"47":{"loc":{"start":{"line":294,"column":2},"end":{"line":300,"column":null}},"type":"if","locations":[{"start":{"line":294,"column":2},"end":{"line":300,"column":null}},{"start":{},"end":{}}],"line":294},"48":{"loc":{"start":{"line":303,"column":2},"end":{"line":309,"column":null}},"type":"if","locations":[{"start":{"line":303,"column":2},"end":{"line":309,"column":null}},{"start":{},"end":{}}],"line":303}},"s":{"0":1,"1":22,"2":0,"3":22,"4":0,"5":22,"6":7,"7":7,"8":7,"9":7,"10":7,"11":7,"12":7,"13":2,"14":2,"15":2,"16":1,"17":1,"18":1,"19":1,"20":1,"21":5,"22":3,"23":3,"24":3,"25":2,"26":2,"27":2,"28":1,"29":1,"30":1,"31":1,"32":1,"33":1,"34":2,"35":1,"36":1,"37":1,"38":7,"39":1,"40":1,"41":0,"42":0,"43":1,"44":0,"45":0,"46":1,"47":1,"48":1,"49":1,"50":1,"51":13,"52":1,"53":1,"54":1,"55":1,"56":1,"57":11,"58":11,"59":11,"60":1,"61":11,"62":1,"63":10,"64":1,"65":11,"66":0,"67":11,"68":0,"69":11,"70":0,"71":11,"72":1,"73":11,"74":1,"75":10,"76":0,"77":11,"78":11,"79":3,"80":3,"81":11,"82":47,"83":11,"84":11,"85":11,"86":11,"87":14,"88":14,"89":14,"90":14,"91":7,"92":7,"93":7,"94":7,"95":2,"96":12,"97":1,"98":11,"99":11,"100":11,"101":16,"102":28,"103":16,"104":2,"105":14,"106":15,"107":14,"108":1,"109":13,"110":1,"111":12,"112":5,"113":1,"114":4,"115":4,"116":4,"117":5,"118":6,"119":5,"120":4,"121":17,"122":5,"123":1,"124":3,"125":4,"126":3,"127":1,"128":2,"129":2},"f":{"0":22,"1":7,"2":1,"3":13,"4":11,"5":47,"6":14,"7":16,"8":28,"9":15,"10":5,"11":5,"12":6,"13":17,"14":4},"b":{"0":[0,22],"1":[0,22],"2":[7,0],"3":[2,5],"4":[1,1],"5":[3,2],"6":[2,1],"7":[1,1],"8":[1,1],"9":[0,1],"10":[0,1],"11":[1,0],"12":[1,0],"13":[1,0],"14":[1,0],"15":[1,0],"16":[11,8],"17":[1,10],"18":[1,10],"19":[1,9],"20":[0,11],"21":[0,11],"22":[0,11],"23":[1,10],"24":[1,10],"25":[0,10],"26":[11,0],"27":[3,8],"28":[3,0],"29":[3,1],"30":[3,1],"31":[11,0],"32":[11,0],"33":[14],"34":[14,0],"35":[14,3],"36":[7,7],"37":[14,7],"38":[2,5],"39":[1,11],"40":[16,0],"41":[2,14],"42":[1,13],"43":[1,12],"44":[1,4],"45":[5,0],"46":[4,0],"47":[1,4],"48":[1,2]},"meta":{"lastBranch":49,"lastFunction":15,"lastStatement":130,"seen":{"s:8:22:12:1":0,"f:8:22:8:23":0,"b:9:2:9:Infinity:undefined:undefined:undefined:undefined":0,"s:9:2:9:Infinity":1,"s:9:36:9:Infinity":2,"b:10:2:10:Infinity:undefined:undefined:undefined:undefined":1,"s:10:2:10:Infinity":3,"s:10:41:10:Infinity":4,"s:11:2:11:Infinity":5,"f:17:9:17:26":1,"s:18:15:18:17":6,"s:19:21:19:34":7,"s:20:23:20:83":8,"b:20:23:20:38:20:42:20:83":2,"s:21:17:21:22":9,"s:22:23:22:27":10,"s:23:17:23:26":11,"b:25:2:81:Infinity:44:9:81:Infinity":3,"s:25:2:81:Infinity":12,"s:26:24:26:57":13,"s:27:4:30:Infinity":14,"b:32:4:43:Infinity:41:11:43:Infinity":4,"s:32:4:43:Infinity":15,"s:33:6:33:Infinity":16,"s:34:6:38:Infinity":17,"s:39:6:39:Infinity":18,"s:40:6:40:Infinity":19,"s:42:6:42:Infinity":20,"b:44:9:81:Infinity:73:9:81:Infinity":5,"s:44:9:81:Infinity":21,"s:45:24:45:54":22,"s:46:4:49:Infinity":23,"b:51:4:72:Infinity:70:11:72:Infinity":6,"s:51:4:72:Infinity":24,"s:52:26:52:59":25,"s:53:6:56:Infinity":26,"b:58:6:69:Infinity:67:13:69:Infinity":7,"s:58:6:69:Infinity":27,"s:59:8:59:Infinity":28,"s:60:8:64:Infinity":29,"s:65:8:65:Infinity":30,"s:66:8:66:Infinity":31,"s:68:8:68:Infinity":32,"s:71:6:71:Infinity":33,"b:73:9:81:Infinity:79:9:81:Infinity":8,"s:73:9:81:Infinity":34,"s:74:4:77:Infinity":35,"s:78:4:78:Infinity":36,"s:80:4:80:Infinity":37,"s:83:2:83:Infinity":38,"f:89:9:89:28":2,"s:90:24:90:44":39,"b:91:2:94:Infinity:undefined:undefined:undefined:undefined":9,"s:91:2:94:Infinity":40,"s:92:4:92:Infinity":41,"s:93:4:93:Infinity":42,"b:96:2:99:Infinity:undefined:undefined:undefined:undefined":10,"s:96:2:99:Infinity":43,"s:97:4:97:Infinity":44,"s:98:4:98:Infinity":45,"s:101:17:101:53":46,"s:102:2:105:Infinity":47,"s:107:27:107:97":48,"s:108:18:110:19":49,"b:109:5:109:Infinity:110:6:110:19":11,"s:111:20:111:79":50,"b:111:21:111:44:111:48:111:50":12,"f:111:59:111:60":3,"s:111:64:111:78":51,"s:112:23:112:75":52,"s:114:19:123:3":53,"b:118:22:118:42:118:46:118:48":13,"b:122:25:122:49:122:53:122:55":14,"b:125:2:127:Infinity:undefined:undefined:undefined:undefined":15,"s:125:2:127:Infinity":54,"s:126:4:126:Infinity":55,"s:129:2:133:Infinity":56,"f:139:9:139:30":4,"s:140:27:140:97":57,"s:142:19:148:3":58,"b:144:84:144:99:144:103:144:104":16,"b:150:2:152:Infinity:undefined:undefined:undefined:undefined":17,"s:150:2:152:Infinity":59,"s:151:4:151:Infinity":60,"b:154:2:158:Infinity:156:9:158:Infinity":18,"s:154:2:158:Infinity":61,"s:155:4:155:Infinity":62,"b:156:9:158:Infinity:undefined:undefined:undefined:undefined":19,"s:156:9:158:Infinity":63,"s:157:4:157:Infinity":64,"b:160:2:164:Infinity:162:9:164:Infinity":20,"s:160:2:164:Infinity":65,"s:161:4:161:Infinity":66,"b:162:9:164:Infinity:undefined:undefined:undefined:undefined":21,"s:162:9:164:Infinity":67,"s:163:4:163:Infinity":68,"b:166:2:170:Infinity:168:9:170:Infinity":22,"s:166:2:170:Infinity":69,"s:167:4:167:Infinity":70,"b:168:9:170:Infinity:undefined:undefined:undefined:undefined":23,"s:168:9:170:Infinity":71,"s:169:4:169:Infinity":72,"b:172:2:176:Infinity:174:9:176:Infinity":24,"s:172:2:176:Infinity":73,"s:173:4:173:Infinity":74,"b:174:9:176:Infinity:undefined:undefined:undefined:undefined":25,"s:174:9:176:Infinity":75,"s:175:4:175:Infinity":76,"s:178:2:178:Infinity":77,"b:178:30:178:50:178:54:178:56":26,"b:180:2:186:Infinity:undefined:undefined:undefined:undefined":27,"s:180:2:186:Infinity":78,"s:181:25:181:85":79,"b:181:25:181:40:181:44:181:85":28,"s:182:4:185:Infinity":80,"b:183:63:183:96:183:100:183:101":29,"b:184:69:184:105:184:109:184:110":30,"s:188:20:188:79":81,"b:188:21:188:44:188:48:188:50":31,"f:188:59:188:60":5,"s:188:64:188:78":82,"s:189:23:189:75":83,"s:190:2:190:Infinity":84,"s:191:2:191:Infinity":85,"b:191:33:191:57:191:61:191:63":32,"s:193:2:193:Infinity":86,"f:199:9:199:27":6,"b:199:73:199:77":33,"s:200:15:200:17":87,"s:201:16:201:45":88,"b:201:22:201:36:201:40:201:42":34,"s:202:19:202:40":89,"b:202:19:202:34:202:38:202:40":35,"b:205:2:218:Infinity:undefined:undefined:undefined:undefined":36,"s:205:2:218:Infinity":90,"b:205:6:205:34:205:38:205:69":37,"s:206:19:206:60":91,"s:207:4:207:Infinity":92,"s:208:4:208:Infinity":93,"b:210:4:217:Infinity:undefined:undefined:undefined:undefined":38,"s:210:4:217:Infinity":94,"s:211:6:216:Infinity":95,"b:221:2:223:Infinity:undefined:undefined:undefined:undefined":39,"s:221:2:223:Infinity":96,"s:222:4:222:Infinity":97,"s:226:2:229:Infinity":98,"s:231:19:231:103":99,"s:233:2:237:Infinity":100,"f:247:16:247:32":7,"s:248:13:248:72":101,"b:248:14:248:37:248:41:248:43":40,"f:248:50:248:51":8,"s:248:55:248:71":102,"b:249:2:249:Infinity:undefined:undefined:undefined:undefined":41,"s:249:2:249:Infinity":103,"s:249:11:249:Infinity":104,"s:251:17:251:56":105,"f:251:33:251:34":9,"s:251:38:251:55":106,"b:252:2:252:Infinity:undefined:undefined:undefined:undefined":42,"s:252:2:252:Infinity":107,"s:252:15:252:Infinity":108,"b:255:2:265:Infinity:undefined:undefined:undefined:undefined":43,"s:255:2:265:Infinity":109,"s:256:4:264:Infinity":110,"s:267:2:267:Infinity":111,"f:277:16:277:37":10,"b:278:2:280:Infinity:undefined:undefined:undefined:undefined":44,"s:278:2:280:Infinity":112,"s:279:4:279:Infinity":113,"s:282:32:282:50":114,"s:283:15:283:17":115,"s:285:2:291:Infinity":116,"f:286:51:286:53":11,"s:287:17:287:59":117,"f:287:42:287:43":12,"s:287:47:287:58":118,"s:288:6:288:Infinity":119,"b:288:18:288:25:288:28:288:30":45,"s:293:13:293:72":120,"b:293:14:293:37:293:41:293:43":46,"f:293:50:293:51":13,"s:293:55:293:71":121,"b:294:2:300:Infinity:undefined:undefined:undefined:undefined":47,"s:294:2:300:Infinity":122,"s:295:4:299:Infinity":123,"s:302:17:302:56":124,"f:302:33:302:34":14,"s:302:38:302:55":125,"b:303:2:309:Infinity:undefined:undefined:undefined:undefined":48,"s:303:2:309:Infinity":126,"s:304:4:308:Infinity":127,"s:311:17:311:79":128,"s:313:2:322:Infinity":129}}}
,"/home/runner/work/ACMer-Simulator/ACMer-Simulator/src/gameLogics/month.js": {"path":"/home/runner/work/ACMer-Simulator/ACMer-Simulator/src/gameLogics/month.js","statementMap":{"0":{"start":{"line":11,"column":15},"end":{"line":11,"column":17}},"1":{"start":{"line":12,"column":19},"end":{"line":12,"column":38}},"2":{"start":{"line":15,"column":2},"end":{"line":33,"column":null}},"3":{"start":{"line":16,"column":4},"end":{"line":19,"column":null}},"4":{"start":{"line":21,"column":21},"end":{"line":25,"column":5}},"5":{"start":{"line":27,"column":4},"end":{"line":32,"column":null}},"6":{"start":{"line":36,"column":32},"end":{"line":36,"column":44}},"7":{"start":{"line":37,"column":29},"end":{"line":37,"column":54}},"8":{"start":{"line":38,"column":30},"end":{"line":38,"column":65}},"9":{"start":{"line":41,"column":25},"end":{"line":41,"column":108}},"10":{"start":{"line":44,"column":21},"end":{"line":44,"column":22}},"11":{"start":{"line":45,"column":2},"end":{"line":55,"column":null}},"12":{"start":{"line":46,"column":29},"end":{"line":46,"column":33}},"13":{"start":{"line":47,"column":4},"end":{"line":47,"column":null}},"14":{"start":{"line":48,"column":26},"end":{"line":48,"column":79}},"15":{"start":{"line":49,"column":4},"end":{"line":52,"column":null}},"16":{"start":{"line":50,"column":6},"end":{"line":50,"column":null}},"17":{"start":{"line":51,"column":6},"end":{"line":51,"column":null}},"18":{"start":{"line":54,"column":4},"end":{"line":54,"column":null}},"19":{"start":{"line":57,"column":16},"end":{"line":57,"column":55}},"20":{"start":{"line":60,"column":20},"end":{"line":60,"column":54}},"21":{"start":{"line":61,"column":18},"end":{"line":61,"column":55}},"22":{"start":{"line":62,"column":21},"end":{"line":62,"column":73}},"23":{"start":{"line":63,"column":2},"end":{"line":66,"column":null}},"24":{"start":{"line":69,"column":25},"end":{"line":69,"column":43}},"25":{"start":{"line":70,"column":24},"end":{"line":70,"column":43}},"26":{"start":{"line":71,"column":24},"end":{"line":71,"column":86}},"27":{"start":{"line":72,"column":2},"end":{"line":74,"column":null}},"28":{"start":{"line":73,"column":4},"end":{"line":73,"column":null}},"29":{"start":{"line":77,"column":16},"end":{"line":77,"column":59}},"30":{"start":{"line":78,"column":24},"end":{"line":78,"column":43}},"31":{"start":{"line":82,"column":2},"end":{"line":92,"column":null}},"32":{"start":{"line":83,"column":4},"end":{"line":83,"column":null}},"33":{"start":{"line":85,"column":37},"end":{"line":85,"column":49}},"34":{"start":{"line":86,"column":27},"end":{"line":86,"column":68}},"35":{"start":{"line":87,"column":4},"end":{"line":91,"column":null}},"36":{"start":{"line":88,"column":6},"end":{"line":88,"column":null}},"37":{"start":{"line":90,"column":6},"end":{"line":90,"column":null}},"38":{"start":{"line":94,"column":2},"end":{"line":97,"column":null}},"39":{"start":{"line":99,"column":19},"end":{"line":108,"column":3}},"40":{"start":{"line":110,"column":2},"end":{"line":110,"column":null}}},"fnMap":{"0":{"name":"advanceMonth","decl":{"start":{"line":10,"column":16},"end":{"line":10,"column":28}},"loc":{"start":{"line":10,"column":40},"end":{"line":111,"column":null}},"line":10}},"branchMap":{"0":{"loc":{"start":{"line":15,"column":2},"end":{"line":33,"column":null}},"type":"if","locations":[{"start":{"line":15,"column":2},"end":{"line":33,"column":null}},{"start":{},"end":{}}],"line":15},"1":{"loc":{"start":{"line":41,"column":25},"end":{"line":41,"column":108}},"type":"binary-expr","locations":[{"start":{"line":41,"column":25},"end":{"line":41,"column":50}},{"start":{"line":41,"column":54},"end":{"line":41,"column":79}},{"start":{"line":41,"column":83},"end":{"line":41,"column":108}}],"line":41},"2":{"loc":{"start":{"line":45,"column":2},"end":{"line":55,"column":null}},"type":"if","locations":[{"start":{"line":45,"column":2},"end":{"line":55,"column":null}},{"start":{"line":53,"column":9},"end":{"line":55,"column":null}}],"line":45},"3":{"loc":{"start":{"line":48,"column":26},"end":{"line":48,"column":79}},"type":"binary-expr","locations":[{"start":{"line":48,"column":26},"end":{"line":48,"column":70}},{"start":{"line":48,"column":74},"end":{"line":48,"column":79}}],"line":48},"4":{"loc":{"start":{"line":49,"column":4},"end":{"line":52,"column":null}},"type":"if","locations":[{"start":{"line":49,"column":4},"end":{"line":52,"column":null}},{"start":{},"end":{}}],"line":49},"5":{"loc":{"start":{"line":49,"column":8},"end":{"line":49,"column":45}},"type":"binary-expr","locations":[{"start":{"line":49,"column":8},"end":{"line":49,"column":22}},{"start":{"line":49,"column":26},"end":{"line":49,"column":45}}],"line":49},"6":{"loc":{"start":{"line":60,"column":20},"end":{"line":60,"column":54}},"type":"binary-expr","locations":[{"start":{"line":60,"column":20},"end":{"line":60,"column":46}},{"start":{"line":60,"column":50},"end":{"line":60,"column":54}}],"line":60},"7":{"loc":{"start":{"line":71,"column":24},"end":{"line":71,"column":86}},"type":"cond-expr","locations":[{"start":{"line":71,"column":41},"end":{"line":71,"column":70}},{"start":{"line":71,"column":73},"end":{"line":71,"column":86}}],"line":71},"8":{"loc":{"start":{"line":72,"column":2},"end":{"line":74,"column":null}},"type":"if","locations":[{"start":{"line":72,"column":2},"end":{"line":74,"column":null}},{"start":{},"end":{}}],"line":72},"9":{"loc":{"start":{"line":82,"column":2},"end":{"line":92,"column":null}},"type":"if","locations":[{"start":{"line":82,"column":2},"end":{"line":92,"column":null}},{"start":{"line":84,"column":9},"end":{"line":92,"column":null}}],"line":82},"10":{"loc":{"start":{"line":87,"column":4},"end":{"line":91,"column":null}},"type":"if","locations":[{"start":{"line":87,"column":4},"end":{"line":91,"column":null}},{"start":{"line":89,"column":11},"end":{"line":91,"column":null}}],"line":87},"11":{"loc":{"start":{"line":107,"column":22},"end":{"line":107,"column":48}},"type":"binary-expr","locations":[{"start":{"line":107,"column":22},"end":{"line":107,"column":42}},{"start":{"line":107,"column":46},"end":{"line":107,"column":48}}],"line":107}},"s":{"0":1012,"1":1012,"2":1012,"3":1,"4":1,"5":1,"6":1011,"7":1011,"8":1011,"9":1011,"10":1012,"11":1012,"12":1010,"13":1010,"14":1010,"15":1010,"16":299,"17":299,"18":1,"19":1011,"20":1011,"21":1012,"22":1012,"23":1012,"24":1012,"25":1012,"26":1012,"27":1012,"28":1,"29":1011,"30":1011,"31":1011,"32":1009,"33":2,"34":2,"35":2,"36":2,"37":0,"38":1011,"39":1011,"40":1012},"f":{"0":1012},"b":{"0":[1,1011],"1":[1011,1010,1010],"2":[1010,1],"3":[1010,1010],"4":[299,711],"5":[1010,1010],"6":[1011,0],"7":[1,1010],"8":[1,1011],"9":[1009,2],"10":[2,0],"11":[1011,0]},"meta":{"lastBranch":12,"lastFunction":1,"lastStatement":41,"seen":{"f:10:16:10:28":0,"s:11:15:11:17":0,"s:12:19:12:38":1,"b:15:2:33:Infinity:undefined:undefined:undefined:undefined":0,"s:15:2:33:Infinity":2,"s:16:4:19:Infinity":3,"s:21:21:25:5":4,"s:27:4:32:Infinity":5,"s:36:32:36:44":6,"s:37:29:37:54":7,"s:38:30:38:65":8,"s:41:25:41:108":9,"b:41:25:41:50:41:54:41:79:41:83:41:108":1,"s:44:21:44:22":10,"b:45:2:55:Infinity:53:9:55:Infinity":2,"s:45:2:55:Infinity":11,"s:46:29:46:33":12,"s:47:4:47:Infinity":13,"s:48:26:48:79":14,"b:48:26:48:70:48:74:48:79":3,"b:49:4:52:Infinity:undefined:undefined:undefined:undefined":4,"s:49:4:52:Infinity":15,"b:49:8:49:22:49:26:49:45":5,"s:50:6:50:Infinity":16,"s:51:6:51:Infinity":17,"s:54:4:54:Infinity":18,"s:57:16:57:55":19,"s:60:20:60:54":20,"b:60:20:60:46:60:50:60:54":6,"s:61:18:61:55":21,"s:62:21:62:73":22,"s:63:2:66:Infinity":23,"s:69:25:69:43":24,"s:70:24:70:43":25,"s:71:24:71:86":26,"b:71:41:71:70:71:73:71:86":7,"b:72:2:74:Infinity:undefined:undefined:undefined:undefined":8,"s:72:2:74:Infinity":27,"s:73:4:73:Infinity":28,"s:77:16:77:59":29,"s:78:24:78:43":30,"b:82:2:92:Infinity:84:9:92:Infinity":9,"s:82:2:92:Infinity":31,"s:83:4:83:Infinity":32,"s:85:37:85:49":33,"s:86:27:86:68":34,"b:87:4:91:Infinity:89:11:91:Infinity":10,"s:87:4:91:Infinity":35,"s:88:6:88:Infinity":36,"s:90:6:90:Infinity":37,"s:94:2:97:Infinity":38,"s:99:19:108:3":39,"b:107:22:107:42:107:46:107:48":11,"s:110:2:110:Infinity":40}}}
}
